15-Jan-2019 10:20:11.505 INFO [main] org.apache.catalina.startup.VersionLoggerListener.log Server version:        Apache Tomcat/8.5.32
15-Jan-2019 10:20:11.507 INFO [main] org.apache.catalina.startup.VersionLoggerListener.log Server built:          Jun 20 2018 19:50:35 UTC
15-Jan-2019 10:20:11.508 INFO [main] org.apache.catalina.startup.VersionLoggerListener.log Server number:         8.5.32.0
15-Jan-2019 10:20:11.508 INFO [main] org.apache.catalina.startup.VersionLoggerListener.log OS Name:               Linux
15-Jan-2019 10:20:11.508 INFO [main] org.apache.catalina.startup.VersionLoggerListener.log OS Version:            4.9.125-linuxkit
15-Jan-2019 10:20:11.508 INFO [main] org.apache.catalina.startup.VersionLoggerListener.log Architecture:          amd64
15-Jan-2019 10:20:11.508 INFO [main] org.apache.catalina.startup.VersionLoggerListener.log Java Home:             /opt/java/openjdk/jre
15-Jan-2019 10:20:11.508 INFO [main] org.apache.catalina.startup.VersionLoggerListener.log JVM Version:           1.8.0_192-b12
15-Jan-2019 10:20:11.509 INFO [main] org.apache.catalina.startup.VersionLoggerListener.log JVM Vendor:            Oracle Corporation
15-Jan-2019 10:20:11.509 INFO [main] org.apache.catalina.startup.VersionLoggerListener.log CATALINA_BASE:         /opt/teamcity
15-Jan-2019 10:20:11.509 INFO [main] org.apache.catalina.startup.VersionLoggerListener.log CATALINA_HOME:         /opt/teamcity
15-Jan-2019 10:20:11.509 INFO [main] org.apache.catalina.startup.VersionLoggerListener.log Command line argument: -XX:+UnlockExperimentalVMOptions
15-Jan-2019 10:20:11.510 INFO [main] org.apache.catalina.startup.VersionLoggerListener.log Command line argument: -XX:+UseCGroupMemoryLimitForHeap
15-Jan-2019 10:20:11.510 INFO [main] org.apache.catalina.startup.VersionLoggerListener.log Command line argument: -Djava.util.logging.config.file=/opt/teamcity/conf/logging.properties
15-Jan-2019 10:20:11.510 INFO [main] org.apache.catalina.startup.VersionLoggerListener.log Command line argument: -Djava.util.logging.manager=org.apache.juli.ClassLoaderLogManager
15-Jan-2019 10:20:11.510 INFO [main] org.apache.catalina.startup.VersionLoggerListener.log Command line argument: -Djdk.tls.ephemeralDHKeySize=2048
15-Jan-2019 10:20:11.510 INFO [main] org.apache.catalina.startup.VersionLoggerListener.log Command line argument: -Djava.protocol.handler.pkgs=org.apache.catalina.webresources
15-Jan-2019 10:20:11.511 INFO [main] org.apache.catalina.startup.VersionLoggerListener.log Command line argument: -Dorg.apache.catalina.security.SecurityListener.UMASK=0027
15-Jan-2019 10:20:11.511 INFO [main] org.apache.catalina.startup.VersionLoggerListener.log Command line argument: -Xmx512m
15-Jan-2019 10:20:11.511 INFO [main] org.apache.catalina.startup.VersionLoggerListener.log Command line argument: -Dteamcity.configuration.path=../conf/teamcity-startup.properties
15-Jan-2019 10:20:11.511 INFO [main] org.apache.catalina.startup.VersionLoggerListener.log Command line argument: -Dlog4j.configuration=file:/opt/teamcity/bin/../conf/teamcity-server-log4j.xml
15-Jan-2019 10:20:11.511 INFO [main] org.apache.catalina.startup.VersionLoggerListener.log Command line argument: -Dteamcity_logs=/opt/teamcity/bin/../logs
15-Jan-2019 10:20:11.511 INFO [main] org.apache.catalina.startup.VersionLoggerListener.log Command line argument: -Djava.awt.headless=true
15-Jan-2019 10:20:11.512 INFO [main] org.apache.catalina.startup.VersionLoggerListener.log Command line argument: -Dignore.endorsed.dirs=
15-Jan-2019 10:20:11.512 INFO [main] org.apache.catalina.startup.VersionLoggerListener.log Command line argument: -Dcatalina.base=/opt/teamcity
15-Jan-2019 10:20:11.512 INFO [main] org.apache.catalina.startup.VersionLoggerListener.log Command line argument: -Dcatalina.home=/opt/teamcity
15-Jan-2019 10:20:11.512 INFO [main] org.apache.catalina.startup.VersionLoggerListener.log Command line argument: -Djava.io.tmpdir=/opt/teamcity/temp
15-Jan-2019 10:20:11.512 INFO [main] org.apache.catalina.core.AprLifecycleListener.lifecycleEvent The APR based Apache Tomcat Native library which allows optimal performance in production environments was not found on the java.library.path: [/usr/java/packages/lib/amd64:/usr/lib64:/lib64:/lib:/usr/lib]
15-Jan-2019 10:20:11.598 INFO [main] org.apache.coyote.AbstractProtocol.init Initializing ProtocolHandler ["http-nio-8111"]
15-Jan-2019 10:20:11.615 INFO [main] org.apache.tomcat.util.net.NioSelectorPool.getSharedSelector Using a shared selector for servlet write/read
15-Jan-2019 10:20:11.623 INFO [main] org.apache.catalina.startup.Catalina.load Initialization processed in 467 ms
15-Jan-2019 10:20:11.649 INFO [main] org.apache.catalina.core.StandardService.startInternal Starting service [Catalina]
15-Jan-2019 10:20:11.649 INFO [main] org.apache.catalina.core.StandardEngine.startInternal Starting Servlet Engine: Apache Tomcat/8.5.32
15-Jan-2019 10:20:11.659 INFO [localhost-startStop-1] org.apache.catalina.startup.HostConfig.deployDirectory Deploying web application directory [/opt/teamcity/webapps/ROOT]
15-Jan-2019 10:20:14.802 INFO [localhost-startStop-1] org.apache.catalina.startup.HostConfig.deployDirectory Deployment of web application directory [/opt/teamcity/webapps/ROOT] has finished in [3,142] ms
15-Jan-2019 10:20:14.805 INFO [main] org.apache.coyote.AbstractProtocol.start Starting ProtocolHandler ["http-nio-8111"]
15-Jan-2019 10:20:14.818 INFO [main] org.apache.catalina.startup.Catalina.start Server startup in 3194 ms
15-Jan-2019 10:23:44.773 INFO [main] org.apache.catalina.core.StandardServer.await A valid shutdown command was received via the shutdown port. Stopping the Server instance.
15-Jan-2019 10:23:44.773 INFO [main] org.apache.coyote.AbstractProtocol.pause Pausing ProtocolHandler ["http-nio-8111"]
15-Jan-2019 10:23:44.828 INFO [main] org.apache.catalina.core.StandardService.stopInternal Stopping service [Catalina]
15-Jan-2019 10:23:44.854 WARNING [localhost-startStop-2] org.apache.catalina.loader.WebappClassLoaderBase.clearReferencesThreads The web application [ROOT] appears to have started a thread named [Change Observer 1] but has failed to stop it. This is very likely to create a memory leak. Stack trace of thread:
 sun.misc.Unsafe.park(Native Method)
 java.util.concurrent.locks.LockSupport.parkNanos(LockSupport.java:215)
 java.util.concurrent.locks.AbstractQueuedSynchronizer$ConditionObject.awaitNanos(AbstractQueuedSynchronizer.java:2078)
 java.util.concurrent.ScheduledThreadPoolExecutor$DelayedWorkQueue.take(ScheduledThreadPoolExecutor.java:1093)
 java.util.concurrent.ScheduledThreadPoolExecutor$DelayedWorkQueue.take(ScheduledThreadPoolExecutor.java:809)
 java.util.concurrent.ThreadPoolExecutor.getTask(ThreadPoolExecutor.java:1074)
 java.util.concurrent.ThreadPoolExecutor.runWorker(ThreadPoolExecutor.java:1134)
 java.util.concurrent.ThreadPoolExecutor$Worker.run(ThreadPoolExecutor.java:624)
 java.lang.Thread.run(Thread.java:748)
15-Jan-2019 10:23:44.857 SEVERE [localhost-startStop-2] org.apache.catalina.loader.WebappClassLoaderBase.checkThreadLocalMapForLeaks The web application [ROOT] created a ThreadLocal with key of type [jetbrains.buildServer.util.ThreadStat$1] (value [jetbrains.buildServer.util.ThreadStat$1@6b9d205f]) and a value of type [jetbrains.buildServer.util.ThreadStatNoOp] (value [jetbrains.buildServer.util.ThreadStatNoOp@78936069]) but failed to remove it when the web application was stopped. Threads are going to be renewed over time to try and avoid a probable memory leak.
15-Jan-2019 10:23:44.858 SEVERE [localhost-startStop-2] org.apache.catalina.loader.WebappClassLoaderBase.checkThreadLocalMapForLeaks The web application [ROOT] created a ThreadLocal with key of type [java.lang.ThreadLocal] (value [java.lang.ThreadLocal@5e0e0e34]) and a value of type [jetbrains.buildServer.util.NamedThreadFactory$1] (value [jetbrains.buildServer.util.NamedThreadFactory$1@30608388]) but failed to remove it when the web application was stopped. Threads are going to be renewed over time to try and avoid a probable memory leak.
15-Jan-2019 10:23:44.868 INFO [main] org.apache.coyote.AbstractProtocol.stop Stopping ProtocolHandler ["http-nio-8111"]
15-Jan-2019 10:23:44.870 INFO [main] org.apache.coyote.AbstractProtocol.destroy Destroying ProtocolHandler ["http-nio-8111"]
15-Jan-2019 10:27:41.579 INFO [main] org.apache.catalina.startup.VersionLoggerListener.log Server version:        Apache Tomcat/8.5.32
15-Jan-2019 10:27:41.582 INFO [main] org.apache.catalina.startup.VersionLoggerListener.log Server built:          Jun 20 2018 19:50:35 UTC
15-Jan-2019 10:27:41.582 INFO [main] org.apache.catalina.startup.VersionLoggerListener.log Server number:         8.5.32.0
15-Jan-2019 10:27:41.582 INFO [main] org.apache.catalina.startup.VersionLoggerListener.log OS Name:               Linux
15-Jan-2019 10:27:41.582 INFO [main] org.apache.catalina.startup.VersionLoggerListener.log OS Version:            4.9.125-linuxkit
15-Jan-2019 10:27:41.583 INFO [main] org.apache.catalina.startup.VersionLoggerListener.log Architecture:          amd64
15-Jan-2019 10:27:41.583 INFO [main] org.apache.catalina.startup.VersionLoggerListener.log Java Home:             /opt/java/openjdk/jre
15-Jan-2019 10:27:41.583 INFO [main] org.apache.catalina.startup.VersionLoggerListener.log JVM Version:           1.8.0_192-b12
15-Jan-2019 10:27:41.583 INFO [main] org.apache.catalina.startup.VersionLoggerListener.log JVM Vendor:            Oracle Corporation
15-Jan-2019 10:27:41.583 INFO [main] org.apache.catalina.startup.VersionLoggerListener.log CATALINA_BASE:         /opt/teamcity
15-Jan-2019 10:27:41.583 INFO [main] org.apache.catalina.startup.VersionLoggerListener.log CATALINA_HOME:         /opt/teamcity
15-Jan-2019 10:27:41.583 INFO [main] org.apache.catalina.startup.VersionLoggerListener.log Command line argument: -XX:+UnlockExperimentalVMOptions
15-Jan-2019 10:27:41.583 INFO [main] org.apache.catalina.startup.VersionLoggerListener.log Command line argument: -XX:+UseCGroupMemoryLimitForHeap
15-Jan-2019 10:27:41.583 INFO [main] org.apache.catalina.startup.VersionLoggerListener.log Command line argument: -Djava.util.logging.config.file=/opt/teamcity/conf/logging.properties
15-Jan-2019 10:27:41.583 INFO [main] org.apache.catalina.startup.VersionLoggerListener.log Command line argument: -Djava.util.logging.manager=org.apache.juli.ClassLoaderLogManager
15-Jan-2019 10:27:41.584 INFO [main] org.apache.catalina.startup.VersionLoggerListener.log Command line argument: -Djdk.tls.ephemeralDHKeySize=2048
15-Jan-2019 10:27:41.584 INFO [main] org.apache.catalina.startup.VersionLoggerListener.log Command line argument: -Djava.protocol.handler.pkgs=org.apache.catalina.webresources
15-Jan-2019 10:27:41.584 INFO [main] org.apache.catalina.startup.VersionLoggerListener.log Command line argument: -Dorg.apache.catalina.security.SecurityListener.UMASK=0027
15-Jan-2019 10:27:41.584 INFO [main] org.apache.catalina.startup.VersionLoggerListener.log Command line argument: -Xmx512m
15-Jan-2019 10:27:41.584 INFO [main] org.apache.catalina.startup.VersionLoggerListener.log Command line argument: -Dteamcity.configuration.path=../conf/teamcity-startup.properties
15-Jan-2019 10:27:41.584 INFO [main] org.apache.catalina.startup.VersionLoggerListener.log Command line argument: -Dlog4j.configuration=file:/opt/teamcity/bin/../conf/teamcity-server-log4j.xml
15-Jan-2019 10:27:41.584 INFO [main] org.apache.catalina.startup.VersionLoggerListener.log Command line argument: -Dteamcity_logs=/opt/teamcity/bin/../logs
15-Jan-2019 10:27:41.584 INFO [main] org.apache.catalina.startup.VersionLoggerListener.log Command line argument: -Djava.awt.headless=true
15-Jan-2019 10:27:41.584 INFO [main] org.apache.catalina.startup.VersionLoggerListener.log Command line argument: -Dignore.endorsed.dirs=
15-Jan-2019 10:27:41.584 INFO [main] org.apache.catalina.startup.VersionLoggerListener.log Command line argument: -Dcatalina.base=/opt/teamcity
15-Jan-2019 10:27:41.584 INFO [main] org.apache.catalina.startup.VersionLoggerListener.log Command line argument: -Dcatalina.home=/opt/teamcity
15-Jan-2019 10:27:41.584 INFO [main] org.apache.catalina.startup.VersionLoggerListener.log Command line argument: -Djava.io.tmpdir=/opt/teamcity/temp
15-Jan-2019 10:27:41.584 INFO [main] org.apache.catalina.core.AprLifecycleListener.lifecycleEvent The APR based Apache Tomcat Native library which allows optimal performance in production environments was not found on the java.library.path: [/usr/java/packages/lib/amd64:/usr/lib64:/lib64:/lib:/usr/lib]
15-Jan-2019 10:27:41.695 INFO [main] org.apache.coyote.AbstractProtocol.init Initializing ProtocolHandler ["http-nio-8111"]
15-Jan-2019 10:27:41.708 INFO [main] org.apache.tomcat.util.net.NioSelectorPool.getSharedSelector Using a shared selector for servlet write/read
15-Jan-2019 10:27:41.714 INFO [main] org.apache.catalina.startup.Catalina.load Initialization processed in 479 ms
15-Jan-2019 10:27:41.736 INFO [main] org.apache.catalina.core.StandardService.startInternal Starting service [Catalina]
15-Jan-2019 10:27:41.736 INFO [main] org.apache.catalina.core.StandardEngine.startInternal Starting Servlet Engine: Apache Tomcat/8.5.32
15-Jan-2019 10:27:41.743 INFO [localhost-startStop-1] org.apache.catalina.startup.HostConfig.deployDirectory Deploying web application directory [/opt/teamcity/webapps/ROOT]
15-Jan-2019 10:27:44.908 INFO [localhost-startStop-1] org.apache.catalina.startup.HostConfig.deployDirectory Deployment of web application directory [/opt/teamcity/webapps/ROOT] has finished in [3,165] ms
15-Jan-2019 10:27:44.912 INFO [main] org.apache.coyote.AbstractProtocol.start Starting ProtocolHandler ["http-nio-8111"]
15-Jan-2019 10:27:44.940 INFO [main] org.apache.catalina.startup.Catalina.start Server startup in 3226 ms
15-Jan-2019 10:48:08.898 INFO [main] org.apache.catalina.core.StandardServer.await A valid shutdown command was received via the shutdown port. Stopping the Server instance.
15-Jan-2019 10:48:08.898 INFO [main] org.apache.coyote.AbstractProtocol.pause Pausing ProtocolHandler ["http-nio-8111"]
15-Jan-2019 10:48:08.953 INFO [main] org.apache.catalina.core.StandardService.stopInternal Stopping service [Catalina]
15-Jan-2019 10:48:08.982 WARNING [localhost-startStop-2] org.apache.catalina.loader.WebappClassLoaderBase.clearReferencesThreads The web application [ROOT] appears to have started a thread named [Change Observer 1] but has failed to stop it. This is very likely to create a memory leak. Stack trace of thread:
 sun.misc.Unsafe.park(Native Method)
 java.util.concurrent.locks.LockSupport.parkNanos(LockSupport.java:215)
 java.util.concurrent.locks.AbstractQueuedSynchronizer$ConditionObject.awaitNanos(AbstractQueuedSynchronizer.java:2078)
 java.util.concurrent.ScheduledThreadPoolExecutor$DelayedWorkQueue.take(ScheduledThreadPoolExecutor.java:1093)
 java.util.concurrent.ScheduledThreadPoolExecutor$DelayedWorkQueue.take(ScheduledThreadPoolExecutor.java:809)
 java.util.concurrent.ThreadPoolExecutor.getTask(ThreadPoolExecutor.java:1074)
 java.util.concurrent.ThreadPoolExecutor.runWorker(ThreadPoolExecutor.java:1134)
 java.util.concurrent.ThreadPoolExecutor$Worker.run(ThreadPoolExecutor.java:624)
 java.lang.Thread.run(Thread.java:748)
15-Jan-2019 10:48:08.984 SEVERE [localhost-startStop-2] org.apache.catalina.loader.WebappClassLoaderBase.checkThreadLocalMapForLeaks The web application [ROOT] created a ThreadLocal with key of type [jetbrains.buildServer.util.ThreadStat$1] (value [jetbrains.buildServer.util.ThreadStat$1@3827f968]) and a value of type [jetbrains.buildServer.util.ThreadStatNoOp] (value [jetbrains.buildServer.util.ThreadStatNoOp@3972e2]) but failed to remove it when the web application was stopped. Threads are going to be renewed over time to try and avoid a probable memory leak.
15-Jan-2019 10:48:08.984 SEVERE [localhost-startStop-2] org.apache.catalina.loader.WebappClassLoaderBase.checkThreadLocalMapForLeaks The web application [ROOT] created a ThreadLocal with key of type [java.lang.ThreadLocal] (value [java.lang.ThreadLocal@f48e8e6]) and a value of type [jetbrains.buildServer.util.NamedThreadFactory$1] (value [jetbrains.buildServer.util.NamedThreadFactory$1@67cc67c4]) but failed to remove it when the web application was stopped. Threads are going to be renewed over time to try and avoid a probable memory leak.
15-Jan-2019 10:48:08.993 INFO [main] org.apache.coyote.AbstractProtocol.stop Stopping ProtocolHandler ["http-nio-8111"]
15-Jan-2019 10:48:08.995 INFO [main] org.apache.coyote.AbstractProtocol.destroy Destroying ProtocolHandler ["http-nio-8111"]
15-Jan-2019 10:48:30.783 INFO [main] org.apache.catalina.startup.VersionLoggerListener.log Server version:        Apache Tomcat/8.5.32
15-Jan-2019 10:48:30.786 INFO [main] org.apache.catalina.startup.VersionLoggerListener.log Server built:          Jun 20 2018 19:50:35 UTC
15-Jan-2019 10:48:30.786 INFO [main] org.apache.catalina.startup.VersionLoggerListener.log Server number:         8.5.32.0
15-Jan-2019 10:48:30.786 INFO [main] org.apache.catalina.startup.VersionLoggerListener.log OS Name:               Linux
15-Jan-2019 10:48:30.787 INFO [main] org.apache.catalina.startup.VersionLoggerListener.log OS Version:            4.9.125-linuxkit
15-Jan-2019 10:48:30.787 INFO [main] org.apache.catalina.startup.VersionLoggerListener.log Architecture:          amd64
15-Jan-2019 10:48:30.787 INFO [main] org.apache.catalina.startup.VersionLoggerListener.log Java Home:             /opt/java/openjdk/jre
15-Jan-2019 10:48:30.787 INFO [main] org.apache.catalina.startup.VersionLoggerListener.log JVM Version:           1.8.0_192-b12
15-Jan-2019 10:48:30.787 INFO [main] org.apache.catalina.startup.VersionLoggerListener.log JVM Vendor:            Oracle Corporation
15-Jan-2019 10:48:30.787 INFO [main] org.apache.catalina.startup.VersionLoggerListener.log CATALINA_BASE:         /opt/teamcity
15-Jan-2019 10:48:30.787 INFO [main] org.apache.catalina.startup.VersionLoggerListener.log CATALINA_HOME:         /opt/teamcity
15-Jan-2019 10:48:30.788 INFO [main] org.apache.catalina.startup.VersionLoggerListener.log Command line argument: -XX:+UnlockExperimentalVMOptions
15-Jan-2019 10:48:30.788 INFO [main] org.apache.catalina.startup.VersionLoggerListener.log Command line argument: -XX:+UseCGroupMemoryLimitForHeap
15-Jan-2019 10:48:30.788 INFO [main] org.apache.catalina.startup.VersionLoggerListener.log Command line argument: -Djava.util.logging.config.file=/opt/teamcity/conf/logging.properties
15-Jan-2019 10:48:30.788 INFO [main] org.apache.catalina.startup.VersionLoggerListener.log Command line argument: -Djava.util.logging.manager=org.apache.juli.ClassLoaderLogManager
15-Jan-2019 10:48:30.788 INFO [main] org.apache.catalina.startup.VersionLoggerListener.log Command line argument: -Djdk.tls.ephemeralDHKeySize=2048
15-Jan-2019 10:48:30.789 INFO [main] org.apache.catalina.startup.VersionLoggerListener.log Command line argument: -Djava.protocol.handler.pkgs=org.apache.catalina.webresources
15-Jan-2019 10:48:30.789 INFO [main] org.apache.catalina.startup.VersionLoggerListener.log Command line argument: -Dorg.apache.catalina.security.SecurityListener.UMASK=0027
15-Jan-2019 10:48:30.789 INFO [main] org.apache.catalina.startup.VersionLoggerListener.log Command line argument: -Xmx512m
15-Jan-2019 10:48:30.789 INFO [main] org.apache.catalina.startup.VersionLoggerListener.log Command line argument: -Dteamcity.configuration.path=../conf/teamcity-startup.properties
15-Jan-2019 10:48:30.789 INFO [main] org.apache.catalina.startup.VersionLoggerListener.log Command line argument: -Dlog4j.configuration=file:/opt/teamcity/bin/../conf/teamcity-server-log4j.xml
15-Jan-2019 10:48:30.789 INFO [main] org.apache.catalina.startup.VersionLoggerListener.log Command line argument: -Dteamcity_logs=/opt/teamcity/bin/../logs
15-Jan-2019 10:48:30.789 INFO [main] org.apache.catalina.startup.VersionLoggerListener.log Command line argument: -Djava.awt.headless=true
15-Jan-2019 10:48:30.790 INFO [main] org.apache.catalina.startup.VersionLoggerListener.log Command line argument: -Dignore.endorsed.dirs=
15-Jan-2019 10:48:30.790 INFO [main] org.apache.catalina.startup.VersionLoggerListener.log Command line argument: -Dcatalina.base=/opt/teamcity
15-Jan-2019 10:48:30.790 INFO [main] org.apache.catalina.startup.VersionLoggerListener.log Command line argument: -Dcatalina.home=/opt/teamcity
15-Jan-2019 10:48:30.790 INFO [main] org.apache.catalina.startup.VersionLoggerListener.log Command line argument: -Djava.io.tmpdir=/opt/teamcity/temp
15-Jan-2019 10:48:30.790 INFO [main] org.apache.catalina.core.AprLifecycleListener.lifecycleEvent The APR based Apache Tomcat Native library which allows optimal performance in production environments was not found on the java.library.path: [/usr/java/packages/lib/amd64:/usr/lib64:/lib64:/lib:/usr/lib]
15-Jan-2019 10:48:30.893 INFO [main] org.apache.coyote.AbstractProtocol.init Initializing ProtocolHandler ["http-nio-8111"]
15-Jan-2019 10:48:30.909 INFO [main] org.apache.tomcat.util.net.NioSelectorPool.getSharedSelector Using a shared selector for servlet write/read
15-Jan-2019 10:48:30.916 INFO [main] org.apache.catalina.startup.Catalina.load Initialization processed in 529 ms
15-Jan-2019 10:48:30.944 INFO [main] org.apache.catalina.core.StandardService.startInternal Starting service [Catalina]
15-Jan-2019 10:48:30.944 INFO [main] org.apache.catalina.core.StandardEngine.startInternal Starting Servlet Engine: Apache Tomcat/8.5.32
15-Jan-2019 10:48:30.957 INFO [localhost-startStop-1] org.apache.catalina.startup.HostConfig.deployDirectory Deploying web application directory [/opt/teamcity/webapps/ROOT]
15-Jan-2019 10:48:33.997 INFO [localhost-startStop-1] org.apache.catalina.startup.HostConfig.deployDirectory Deployment of web application directory [/opt/teamcity/webapps/ROOT] has finished in [3,041] ms
15-Jan-2019 10:48:34.001 INFO [main] org.apache.coyote.AbstractProtocol.start Starting ProtocolHandler ["http-nio-8111"]
15-Jan-2019 10:48:34.012 INFO [main] org.apache.catalina.startup.Catalina.start Server startup in 3096 ms
15-Jan-2019 10:55:19.271 INFO [main] org.apache.catalina.core.StandardServer.await A valid shutdown command was received via the shutdown port. Stopping the Server instance.
15-Jan-2019 10:55:19.272 INFO [main] org.apache.coyote.AbstractProtocol.pause Pausing ProtocolHandler ["http-nio-8111"]
15-Jan-2019 10:55:19.327 INFO [main] org.apache.catalina.core.StandardService.stopInternal Stopping service [Catalina]
15-Jan-2019 10:55:19.363 WARNING [localhost-startStop-2] org.apache.catalina.loader.WebappClassLoaderBase.clearReferencesThreads The web application [ROOT] appears to have started a thread named [Change Observer 1] but has failed to stop it. This is very likely to create a memory leak. Stack trace of thread:
 sun.misc.Unsafe.park(Native Method)
 java.util.concurrent.locks.LockSupport.parkNanos(LockSupport.java:215)
 java.util.concurrent.locks.AbstractQueuedSynchronizer$ConditionObject.awaitNanos(AbstractQueuedSynchronizer.java:2078)
 java.util.concurrent.ScheduledThreadPoolExecutor$DelayedWorkQueue.take(ScheduledThreadPoolExecutor.java:1093)
 java.util.concurrent.ScheduledThreadPoolExecutor$DelayedWorkQueue.take(ScheduledThreadPoolExecutor.java:809)
 java.util.concurrent.ThreadPoolExecutor.getTask(ThreadPoolExecutor.java:1074)
 java.util.concurrent.ThreadPoolExecutor.runWorker(ThreadPoolExecutor.java:1134)
 java.util.concurrent.ThreadPoolExecutor$Worker.run(ThreadPoolExecutor.java:624)
 java.lang.Thread.run(Thread.java:748)
15-Jan-2019 10:55:19.365 SEVERE [localhost-startStop-2] org.apache.catalina.loader.WebappClassLoaderBase.checkThreadLocalMapForLeaks The web application [ROOT] created a ThreadLocal with key of type [jetbrains.buildServer.util.ThreadStat$1] (value [jetbrains.buildServer.util.ThreadStat$1@40b55b26]) and a value of type [jetbrains.buildServer.util.ThreadStatNoOp] (value [jetbrains.buildServer.util.ThreadStatNoOp@74f605e6]) but failed to remove it when the web application was stopped. Threads are going to be renewed over time to try and avoid a probable memory leak.
15-Jan-2019 10:55:19.366 SEVERE [localhost-startStop-2] org.apache.catalina.loader.WebappClassLoaderBase.checkThreadLocalMapForLeaks The web application [ROOT] created a ThreadLocal with key of type [java.lang.ThreadLocal] (value [java.lang.ThreadLocal@652a5fd]) and a value of type [jetbrains.buildServer.util.NamedThreadFactory$1] (value [jetbrains.buildServer.util.NamedThreadFactory$1@288a39f6]) but failed to remove it when the web application was stopped. Threads are going to be renewed over time to try and avoid a probable memory leak.
15-Jan-2019 10:55:19.373 INFO [main] org.apache.coyote.AbstractProtocol.stop Stopping ProtocolHandler ["http-nio-8111"]
15-Jan-2019 10:55:19.375 INFO [main] org.apache.coyote.AbstractProtocol.destroy Destroying ProtocolHandler ["http-nio-8111"]
