[2019-01-15 10:20:14,569]   INFO -  jetbrains.buildServer.STARTUP - Path to the startup configuration file: /opt/teamcity/bin/../conf/teamcity-startup.properties
[2019-01-15 10:20:14,653]   INFO -  jetbrains.buildServer.STARTUP - 






[2019-01-15 10:20:14,657]   INFO -  jetbrains.buildServer.STARTUP - ===========================================================
[2019-01-15 10:20:14,657]   INFO -  jetbrains.buildServer.STARTUP - Starting TeamCity server
[2019-01-15 10:20:14,890]   INFO -  jetbrains.buildServer.STARTUP - TeamCity version: 2018.2 (build 60925), data format version 875
[2019-01-15 10:20:14,893]   INFO -  jetbrains.buildServer.STARTUP - OS: Linux, version 4.9.125-linuxkit, amd64, Current user: root, Time zone: GMT (UTC)
[2019-01-15 10:20:14,894]   INFO -  jetbrains.buildServer.STARTUP - Java: 1.8.0_192, OpenJDK 64-Bit Server VM (25.192-b12, mixed mode), OpenJDK Runtime Environment (1.8.0_192-b12), Oracle Corporation; JVM parameters: -XX:+UnlockExperimentalVMOptions -XX:+UseCGroupMemoryLimitForHeap -Djava.util.logging.config.file=/opt/teamcity/conf/logging.properties -Djava.util.logging.manager=org.apache.juli.ClassLoaderLogManager -Djdk.tls.ephemeralDHKeySize=2048 -Djava.protocol.handler.pkgs=org.apache.catalina.webresources -Dorg.apache.catalina.security.SecurityListener.UMASK=0027 -Xmx512m -Dteamcity.configuration.path=../conf/teamcity-startup.properties -Dlog4j.configuration=file:/opt/teamcity/bin/../conf/teamcity-server-log4j.xml -Dteamcity_logs=/opt/teamcity/bin/../logs -Djava.awt.headless=true -Dignore.endorsed.dirs= -Dcatalina.base=/opt/teamcity -Dcatalina.home=/opt/teamcity -Djava.io.tmpdir=/opt/teamcity/temp
[2019-01-15 10:20:14,895]   INFO -  jetbrains.buildServer.STARTUP - Garbage collection: PS Scavenge, PS MarkSweep
[2019-01-15 10:20:14,895]   INFO -  jetbrains.buildServer.STARTUP - Web server version: Apache Tomcat/8.5.32
[2019-01-15 10:20:14,896]   INFO -  jetbrains.buildServer.STARTUP - Server IP address: 172.21.0.2
[2019-01-15 10:20:14,898]   INFO -  jetbrains.buildServer.STARTUP - Web server ports: 8111 (protocol: HTTP/1.1, scheme: http), 8105 (shutdown port)
[2019-01-15 10:20:14,899]   INFO -  jetbrains.buildServer.STARTUP - Context path: "/", servlet real path: "/opt/teamcity/webapps/ROOT"
[2019-01-15 10:20:14,905]   INFO -  jetbrains.buildServer.STARTUP - TeamCity distribution type: docker-ubuntu
[2019-01-15 10:20:14,906]   INFO -  jetbrains.buildServer.STARTUP - TeamCity server node id: MAIN_SERVER
[2019-01-15 10:20:14,910]   INFO -  jetbrains.buildServer.STARTUP - Version file lock was successfully obtained: /opt/teamcity/webapps/ROOT/BUILD_60925
[2019-01-15 10:20:14,920]   INFO -  jetbrains.buildServer.STARTUP - Current stage: Looking for the TeamCity Data Directory
[2019-01-15 10:20:14,920]   INFO -  jetbrains.buildServer.STARTUP - The TeamCity Data Directory path is determined using the environment variable TEAMCITY_DATA_PATH
[2019-01-15 10:20:14,927]   INFO -  jetbrains.buildServer.STARTUP - The TeamCity Data Directory "/data/teamcity_server/datadir" exists
[2019-01-15 10:20:14,928]   INFO -  jetbrains.buildServer.STARTUP - Asking user to confirm first start with the predefined TeamCity Data Directory path
[2019-01-15 10:20:14,938]   INFO -  jetbrains.buildServer.STARTUP - Startup confirmation is required. Open TeamCity web page in the browser. Server is running at http://localhost:8111
[2019-01-15 10:20:14,938]   INFO -  jetbrains.buildServer.STARTUP - Current stage: Confirming TeamCity first start (administrator login is required to proceed)
[2019-01-15 10:23:44,833]   INFO -  jetbrains.buildServer.STARTUP - Server shutdown event received
[2019-01-15 10:23:44,833]   INFO -  jetbrains.buildServer.STARTUP - Current stage: TeamCity server is shutting down
[2019-01-15 10:23:44,834]   INFO -  jetbrains.buildServer.STARTUP - Stopping the main application
[2019-01-15 10:23:44,834]   INFO -  jetbrains.buildServer.STARTUP - The main servlet is not initialized, nothing to shut down.
[2019-01-15 10:23:44,835]   INFO -  jetbrains.buildServer.STARTUP - Version file lock was released: /opt/teamcity/webapps/ROOT/BUILD_60925
[2019-01-15 10:23:44,836]   INFO -  jetbrains.buildServer.STARTUP - Server shutdown complete
[2019-01-15 10:27:44,674]   INFO -  jetbrains.buildServer.STARTUP - Path to the startup configuration file: /opt/teamcity/bin/../conf/teamcity-startup.properties
[2019-01-15 10:27:44,734]   INFO -  jetbrains.buildServer.STARTUP - 






[2019-01-15 10:27:44,737]   INFO -  jetbrains.buildServer.STARTUP - ===========================================================
[2019-01-15 10:27:44,737]   INFO -  jetbrains.buildServer.STARTUP - Starting TeamCity server
[2019-01-15 10:27:45,019]   INFO -  jetbrains.buildServer.STARTUP - TeamCity version: 2018.2 (build 60925), data format version 875
[2019-01-15 10:27:45,023]   INFO -  jetbrains.buildServer.STARTUP - OS: Linux, version 4.9.125-linuxkit, amd64, Current user: root, Time zone: GMT (UTC)
[2019-01-15 10:27:45,023]   INFO -  jetbrains.buildServer.STARTUP - Java: 1.8.0_192, OpenJDK 64-Bit Server VM (25.192-b12, mixed mode), OpenJDK Runtime Environment (1.8.0_192-b12), Oracle Corporation; JVM parameters: -XX:+UnlockExperimentalVMOptions -XX:+UseCGroupMemoryLimitForHeap -Djava.util.logging.config.file=/opt/teamcity/conf/logging.properties -Djava.util.logging.manager=org.apache.juli.ClassLoaderLogManager -Djdk.tls.ephemeralDHKeySize=2048 -Djava.protocol.handler.pkgs=org.apache.catalina.webresources -Dorg.apache.catalina.security.SecurityListener.UMASK=0027 -Xmx512m -Dteamcity.configuration.path=../conf/teamcity-startup.properties -Dlog4j.configuration=file:/opt/teamcity/bin/../conf/teamcity-server-log4j.xml -Dteamcity_logs=/opt/teamcity/bin/../logs -Djava.awt.headless=true -Dignore.endorsed.dirs= -Dcatalina.base=/opt/teamcity -Dcatalina.home=/opt/teamcity -Djava.io.tmpdir=/opt/teamcity/temp
[2019-01-15 10:27:45,024]   INFO -  jetbrains.buildServer.STARTUP - Garbage collection: PS Scavenge, PS MarkSweep
[2019-01-15 10:27:45,025]   INFO -  jetbrains.buildServer.STARTUP - Web server version: Apache Tomcat/8.5.32
[2019-01-15 10:27:45,025]   INFO -  jetbrains.buildServer.STARTUP - Server IP address: 172.22.0.2
[2019-01-15 10:27:45,028]   INFO -  jetbrains.buildServer.STARTUP - Web server ports: 8111 (protocol: HTTP/1.1, scheme: http), 8105 (shutdown port)
[2019-01-15 10:27:45,029]   INFO -  jetbrains.buildServer.STARTUP - Context path: "/", servlet real path: "/opt/teamcity/webapps/ROOT"
[2019-01-15 10:27:45,036]   INFO -  jetbrains.buildServer.STARTUP - TeamCity distribution type: docker-ubuntu
[2019-01-15 10:27:45,036]   INFO -  jetbrains.buildServer.STARTUP - TeamCity server node id: MAIN_SERVER
[2019-01-15 10:27:45,040]   INFO -  jetbrains.buildServer.STARTUP - Version file lock was successfully obtained: /opt/teamcity/webapps/ROOT/BUILD_60925
[2019-01-15 10:27:45,051]   INFO -  jetbrains.buildServer.STARTUP - Current stage: Looking for the TeamCity Data Directory
[2019-01-15 10:27:45,052]   INFO -  jetbrains.buildServer.STARTUP - The TeamCity Data Directory path is determined using the environment variable TEAMCITY_DATA_PATH
[2019-01-15 10:27:45,060]   INFO -  jetbrains.buildServer.STARTUP - The TeamCity Data Directory "/data/teamcity_server/datadir" exists
[2019-01-15 10:27:45,061]   INFO -  jetbrains.buildServer.STARTUP - Asking user to confirm first start with the predefined TeamCity Data Directory path
[2019-01-15 10:27:45,071]   INFO -  jetbrains.buildServer.STARTUP - Startup confirmation is required. Open TeamCity web page in the browser. Server is running at http://localhost:8111
[2019-01-15 10:27:45,072]   INFO -  jetbrains.buildServer.STARTUP - Current stage: Confirming TeamCity first start (administrator login is required to proceed)
[2019-01-15 10:48:08,959]   INFO -  jetbrains.buildServer.STARTUP - Server shutdown event received
[2019-01-15 10:48:08,959]   INFO -  jetbrains.buildServer.STARTUP - Current stage: TeamCity server is shutting down
[2019-01-15 10:48:08,960]   INFO -  jetbrains.buildServer.STARTUP - Stopping the main application
[2019-01-15 10:48:08,961]   INFO -  jetbrains.buildServer.STARTUP - The main servlet is not initialized, nothing to shut down.
[2019-01-15 10:48:08,962]   INFO -  jetbrains.buildServer.STARTUP - Version file lock was released: /opt/teamcity/webapps/ROOT/BUILD_60925
[2019-01-15 10:48:08,962]   INFO -  jetbrains.buildServer.STARTUP - Server shutdown complete
[2019-01-15 10:48:33,774]   INFO -  jetbrains.buildServer.STARTUP - Path to the startup configuration file: /opt/teamcity/bin/../conf/teamcity-startup.properties
[2019-01-15 10:48:33,826]   INFO -  jetbrains.buildServer.STARTUP - 






[2019-01-15 10:48:33,829]   INFO -  jetbrains.buildServer.STARTUP - ===========================================================
[2019-01-15 10:48:33,830]   INFO -  jetbrains.buildServer.STARTUP - Starting TeamCity server
[2019-01-15 10:48:34,083]   INFO -  jetbrains.buildServer.STARTUP - TeamCity version: 2018.2 (build 60925), data format version 875
[2019-01-15 10:48:34,086]   INFO -  jetbrains.buildServer.STARTUP - OS: Linux, version 4.9.125-linuxkit, amd64, Current user: root, Time zone: GMT (UTC)
[2019-01-15 10:48:34,087]   INFO -  jetbrains.buildServer.STARTUP - Java: 1.8.0_192, OpenJDK 64-Bit Server VM (25.192-b12, mixed mode), OpenJDK Runtime Environment (1.8.0_192-b12), Oracle Corporation; JVM parameters: -XX:+UnlockExperimentalVMOptions -XX:+UseCGroupMemoryLimitForHeap -Djava.util.logging.config.file=/opt/teamcity/conf/logging.properties -Djava.util.logging.manager=org.apache.juli.ClassLoaderLogManager -Djdk.tls.ephemeralDHKeySize=2048 -Djava.protocol.handler.pkgs=org.apache.catalina.webresources -Dorg.apache.catalina.security.SecurityListener.UMASK=0027 -Xmx512m -Dteamcity.configuration.path=../conf/teamcity-startup.properties -Dlog4j.configuration=file:/opt/teamcity/bin/../conf/teamcity-server-log4j.xml -Dteamcity_logs=/opt/teamcity/bin/../logs -Djava.awt.headless=true -Dignore.endorsed.dirs= -Dcatalina.base=/opt/teamcity -Dcatalina.home=/opt/teamcity -Djava.io.tmpdir=/opt/teamcity/temp
[2019-01-15 10:48:34,088]   INFO -  jetbrains.buildServer.STARTUP - Garbage collection: PS Scavenge, PS MarkSweep
[2019-01-15 10:48:34,088]   INFO -  jetbrains.buildServer.STARTUP - Web server version: Apache Tomcat/8.5.32
[2019-01-15 10:48:34,089]   INFO -  jetbrains.buildServer.STARTUP - Server IP address: 172.23.0.2
[2019-01-15 10:48:34,092]   INFO -  jetbrains.buildServer.STARTUP - Web server ports: 8111 (protocol: HTTP/1.1, scheme: http), 8105 (shutdown port)
[2019-01-15 10:48:34,093]   INFO -  jetbrains.buildServer.STARTUP - Context path: "/", servlet real path: "/opt/teamcity/webapps/ROOT"
[2019-01-15 10:48:34,100]   INFO -  jetbrains.buildServer.STARTUP - TeamCity distribution type: docker-ubuntu
[2019-01-15 10:48:34,100]   INFO -  jetbrains.buildServer.STARTUP - TeamCity server node id: MAIN_SERVER
[2019-01-15 10:48:34,105]   INFO -  jetbrains.buildServer.STARTUP - Version file lock was successfully obtained: /opt/teamcity/webapps/ROOT/BUILD_60925
[2019-01-15 10:48:34,118]   INFO -  jetbrains.buildServer.STARTUP - Current stage: Looking for the TeamCity Data Directory
[2019-01-15 10:48:34,118]   INFO -  jetbrains.buildServer.STARTUP - The TeamCity Data Directory path is determined using the environment variable TEAMCITY_DATA_PATH
[2019-01-15 10:48:34,127]   INFO -  jetbrains.buildServer.STARTUP - The TeamCity Data Directory "/data/teamcity_server/datadir" exists
[2019-01-15 10:48:34,128]   INFO -  jetbrains.buildServer.STARTUP - Asking user to confirm first start with the predefined TeamCity Data Directory path
[2019-01-15 10:48:34,141]   INFO -  jetbrains.buildServer.STARTUP - Startup confirmation is required. Open TeamCity web page in the browser. Server is running at http://localhost:8111
[2019-01-15 10:48:34,142]   INFO -  jetbrains.buildServer.STARTUP - Current stage: Confirming TeamCity first start (administrator login is required to proceed)
[2019-01-15 10:55:19,341]   INFO -  jetbrains.buildServer.STARTUP - Server shutdown event received
[2019-01-15 10:55:19,341]   INFO -  jetbrains.buildServer.STARTUP - Current stage: TeamCity server is shutting down
[2019-01-15 10:55:19,343]   INFO -  jetbrains.buildServer.STARTUP - Stopping the main application
[2019-01-15 10:55:19,343]   INFO -  jetbrains.buildServer.STARTUP - The main servlet is not initialized, nothing to shut down.
[2019-01-15 10:55:19,344]   INFO -  jetbrains.buildServer.STARTUP - Version file lock was released: /opt/teamcity/webapps/ROOT/BUILD_60925
[2019-01-15 10:55:19,344]   INFO -  jetbrains.buildServer.STARTUP - Server shutdown complete
[2019-01-15 10:57:38,661]   INFO -  jetbrains.buildServer.STARTUP - Path to the startup configuration file: /opt/teamcity/bin/../conf/teamcity-startup.properties
[2019-01-15 10:57:38,713]   INFO -  jetbrains.buildServer.STARTUP - 






[2019-01-15 10:57:38,716]   INFO -  jetbrains.buildServer.STARTUP - ===========================================================
[2019-01-15 10:57:38,716]   INFO -  jetbrains.buildServer.STARTUP - Starting TeamCity server
[2019-01-15 10:57:38,947]   INFO -  jetbrains.buildServer.STARTUP - TeamCity version: 2018.2 (build 60925), data format version 875
[2019-01-15 10:57:38,950]   INFO -  jetbrains.buildServer.STARTUP - OS: Linux, version 4.9.125-linuxkit, amd64, Current user: root, Time zone: GMT (UTC)
[2019-01-15 10:57:38,950]   INFO -  jetbrains.buildServer.STARTUP - Java: 1.8.0_192, OpenJDK 64-Bit Server VM (25.192-b12, mixed mode), OpenJDK Runtime Environment (1.8.0_192-b12), Oracle Corporation; JVM parameters: -XX:+UnlockExperimentalVMOptions -XX:+UseCGroupMemoryLimitForHeap -Djava.util.logging.config.file=/opt/teamcity/conf/logging.properties -Djava.util.logging.manager=org.apache.juli.ClassLoaderLogManager -Djdk.tls.ephemeralDHKeySize=2048 -Djava.protocol.handler.pkgs=org.apache.catalina.webresources -Dorg.apache.catalina.security.SecurityListener.UMASK=0027 -Xmx512m -Dteamcity.configuration.path=../conf/teamcity-startup.properties -Dlog4j.configuration=file:/opt/teamcity/bin/../conf/teamcity-server-log4j.xml -Dteamcity_logs=/opt/teamcity/bin/../logs -Djava.awt.headless=true -Dignore.endorsed.dirs= -Dcatalina.base=/opt/teamcity -Dcatalina.home=/opt/teamcity -Djava.io.tmpdir=/opt/teamcity/temp
[2019-01-15 10:57:38,951]   INFO -  jetbrains.buildServer.STARTUP - Garbage collection: PS Scavenge, PS MarkSweep
[2019-01-15 10:57:38,952]   INFO -  jetbrains.buildServer.STARTUP - Web server version: Apache Tomcat/8.5.32
[2019-01-15 10:57:38,952]   INFO -  jetbrains.buildServer.STARTUP - Server IP address: 172.24.0.2
[2019-01-15 10:57:38,955]   INFO -  jetbrains.buildServer.STARTUP - Web server ports: 8111 (protocol: HTTP/1.1, scheme: http), 8105 (shutdown port)
[2019-01-15 10:57:38,955]   INFO -  jetbrains.buildServer.STARTUP - Context path: "/", servlet real path: "/opt/teamcity/webapps/ROOT"
[2019-01-15 10:57:38,961]   INFO -  jetbrains.buildServer.STARTUP - TeamCity distribution type: docker-ubuntu
[2019-01-15 10:57:38,962]   INFO -  jetbrains.buildServer.STARTUP - TeamCity server node id: MAIN_SERVER
[2019-01-15 10:57:38,966]   INFO -  jetbrains.buildServer.STARTUP - Version file lock was successfully obtained: /opt/teamcity/webapps/ROOT/BUILD_60925
[2019-01-15 10:57:38,976]   INFO -  jetbrains.buildServer.STARTUP - Current stage: Looking for the TeamCity Data Directory
[2019-01-15 10:57:38,976]   INFO -  jetbrains.buildServer.STARTUP - The TeamCity Data Directory path is determined using the environment variable TEAMCITY_DATA_PATH
[2019-01-15 10:57:38,983]   INFO -  jetbrains.buildServer.STARTUP - The TeamCity Data Directory "/data/teamcity_server/datadir" exists
[2019-01-15 10:57:38,984]   INFO -  jetbrains.buildServer.STARTUP - Asking user to confirm first start with the predefined TeamCity Data Directory path
[2019-01-15 10:57:38,994]   INFO -  jetbrains.buildServer.STARTUP - Startup confirmation is required. Open TeamCity web page in the browser. Server is running at http://localhost:8111
[2019-01-15 10:57:38,994]   INFO -  jetbrains.buildServer.STARTUP - Current stage: Confirming TeamCity first start (administrator login is required to proceed)
[2019-01-15 10:59:46,262]   INFO -  jetbrains.buildServer.STARTUP - Server shutdown event received
[2019-01-15 10:59:46,262]   INFO -  jetbrains.buildServer.STARTUP - Current stage: TeamCity server is shutting down
[2019-01-15 10:59:46,265]   INFO -  jetbrains.buildServer.STARTUP - Stopping the main application
[2019-01-15 10:59:46,265]   INFO -  jetbrains.buildServer.STARTUP - The main servlet is not initialized, nothing to shut down.
[2019-01-15 10:59:46,266]   INFO -  jetbrains.buildServer.STARTUP - Version file lock was released: /opt/teamcity/webapps/ROOT/BUILD_60925
[2019-01-15 10:59:46,267]   INFO -  jetbrains.buildServer.STARTUP - Server shutdown complete
[2019-01-15 11:42:53,860]   INFO -  jetbrains.buildServer.STARTUP - Path to the startup configuration file: /opt/teamcity/bin/../conf/teamcity-startup.properties
[2019-01-15 11:42:53,984]   INFO -  jetbrains.buildServer.STARTUP - 






[2019-01-15 11:42:53,986]   INFO -  jetbrains.buildServer.STARTUP - ===========================================================
[2019-01-15 11:42:53,986]   INFO -  jetbrains.buildServer.STARTUP - Starting TeamCity server
[2019-01-15 11:42:54,262]   INFO -  jetbrains.buildServer.STARTUP - TeamCity version: 2018.2.1 (build 61078), data format version 875
[2019-01-15 11:42:54,269]   INFO -  jetbrains.buildServer.STARTUP - OS: Linux, version 4.9.125-linuxkit, amd64, Current user: root, Time zone: GMT (UTC)
[2019-01-15 11:42:54,269]   INFO -  jetbrains.buildServer.STARTUP - Java: 1.8.0_192, OpenJDK 64-Bit Server VM (25.192-b12, mixed mode), OpenJDK Runtime Environment (1.8.0_192-b12), Oracle Corporation; JVM parameters: -XX:+UnlockExperimentalVMOptions -XX:+UseCGroupMemoryLimitForHeap -Djava.util.logging.config.file=/opt/teamcity/conf/logging.properties -Djava.util.logging.manager=org.apache.juli.ClassLoaderLogManager -Djdk.tls.ephemeralDHKeySize=2048 -Djava.protocol.handler.pkgs=org.apache.catalina.webresources -Dorg.apache.catalina.security.SecurityListener.UMASK=0027 -Xmx512m -Dteamcity.configuration.path=../conf/teamcity-startup.properties -Dlog4j.configuration=file:/opt/teamcity/bin/../conf/teamcity-server-log4j.xml -Dteamcity_logs=/opt/teamcity/bin/../logs -Djava.awt.headless=true -Dignore.endorsed.dirs= -Dcatalina.base=/opt/teamcity -Dcatalina.home=/opt/teamcity -Djava.io.tmpdir=/opt/teamcity/temp
[2019-01-15 11:42:54,270]   INFO -  jetbrains.buildServer.STARTUP - Garbage collection: PS Scavenge, PS MarkSweep
[2019-01-15 11:42:54,270]   INFO -  jetbrains.buildServer.STARTUP - Web server version: Apache Tomcat/8.5.32
[2019-01-15 11:42:54,271]   INFO -  jetbrains.buildServer.STARTUP - Server IP address: 172.25.0.2
[2019-01-15 11:42:54,274]   INFO -  jetbrains.buildServer.STARTUP - Web server ports: 8111 (protocol: HTTP/1.1, scheme: http), 8105 (shutdown port)
[2019-01-15 11:42:54,275]   INFO -  jetbrains.buildServer.STARTUP - Context path: "/", servlet real path: "/opt/teamcity/webapps/ROOT"
[2019-01-15 11:42:54,282]   INFO -  jetbrains.buildServer.STARTUP - TeamCity distribution type: docker-ubuntu
[2019-01-15 11:42:54,283]   INFO -  jetbrains.buildServer.STARTUP - TeamCity server node id: MAIN_SERVER
[2019-01-15 11:42:54,288]   INFO -  jetbrains.buildServer.STARTUP - Version file lock was successfully obtained: /opt/teamcity/webapps/ROOT/BUILD_61078
[2019-01-15 11:42:54,299]   INFO -  jetbrains.buildServer.STARTUP - Current stage: Looking for the TeamCity Data Directory
[2019-01-15 11:42:54,300]   INFO -  jetbrains.buildServer.STARTUP - The TeamCity Data Directory path is determined using the environment variable TEAMCITY_DATA_PATH
[2019-01-15 11:42:54,310]   INFO -  jetbrains.buildServer.STARTUP - The TeamCity Data Directory "/data/teamcity_server/datadir" exists
[2019-01-15 11:42:54,311]   INFO -  jetbrains.buildServer.STARTUP - Asking user to confirm first start with the predefined TeamCity Data Directory path
[2019-01-15 11:42:54,323]   INFO -  jetbrains.buildServer.STARTUP - Startup confirmation is required. Open TeamCity web page in the browser. Server is running at http://localhost:8111
[2019-01-15 11:42:54,324]   INFO -  jetbrains.buildServer.STARTUP - Current stage: Confirming TeamCity first start (administrator login is required to proceed)
[2019-01-15 12:02:47,459]   INFO -  jetbrains.buildServer.STARTUP - Current stage: Initializing the TeamCity Data Directory
[2019-01-15 12:02:47,757]   INFO -  jetbrains.buildServer.STARTUP - Downloading JDBC driver metadata from <https://download.jetbrains.com/teamcity/database-drivers/2018.2.xml?myVersion=2018.2.1&javaVersion=1.8.0_192>...
[2019-01-15 12:02:48,817]   INFO -  jetbrains.buildServer.STARTUP - Current stage: Setting up database connection (administrator login is required to proceed)
[2019-01-15 12:04:32,251]   INFO -  jetbrains.buildServer.STARTUP - Generated JDBC connection string: jdbc:hsqldb:file:$TEAMCITY_SYSTEM_PATH/buildserver
[2019-01-15 12:04:32,253]   INFO -  jetbrains.buildServer.STARTUP - Current stage: Creating a new database
[2019-01-15 12:04:32,254]   INFO -  jetbrains.buildServer.STARTUP - Creating a new database
[2019-01-15 12:04:32,314]   INFO -  jetbrains.buildServer.STARTUP - Effective database connection properties:
[2019-01-15 12:04:32,315]   INFO -  jetbrains.buildServer.STARTUP - 	cache_file_scale=8 [defaults]
[2019-01-15 12:04:32,316]   INFO -  jetbrains.buildServer.STARTUP - 	hsqldb.default_table_type=cached [defaults]
[2019-01-15 12:04:32,316]   INFO -  jetbrains.buildServer.STARTUP - 	log_size=1024 [defaults]
[2019-01-15 12:04:32,812]   INFO -  jetbrains.buildServer.STARTUP - JDBC driver version: 2.3 (HSQL Database Engine Driver)
[2019-01-15 12:04:32,812]   INFO -  jetbrains.buildServer.STARTUP - Database system version: 2.3.2 (HSQL Database Engine)
[2019-01-15 12:04:32,812]   INFO -  jetbrains.buildServer.STARTUP - Connected to the database successfully
[2019-01-15 12:04:32,837]   INFO -  jetbrains.buildServer.STARTUP - Using schema: PUBLIC
[2019-01-15 12:04:32,841]   INFO -  jetbrains.buildServer.STARTUP - Schema contains no tables.
[2019-01-15 12:04:32,842]   INFO -  jetbrains.buildServer.STARTUP - Creating database schema
[2019-01-15 12:04:33,057]   INFO -  jetbrains.buildServer.STARTUP - Using schema: PUBLIC
[2019-01-15 12:04:33,061]   INFO -  jetbrains.buildServer.STARTUP - Schema contains 148 tables.
[2019-01-15 12:04:33,063]   INFO -  jetbrains.buildServer.STARTUP - Database version is 875
[2019-01-15 12:04:33,420]   INFO -  jetbrains.buildServer.STARTUP - Created a new database.properties file with settings specified from Web UI.
[2019-01-15 12:04:33,420]   INFO -  jetbrains.buildServer.STARTUP - Current stage: Initializing TeamCity server components
[2019-01-15 12:04:33,643]   INFO -  jetbrains.buildServer.STARTUP - Starting the main application
[2019-01-15 12:04:33,706]   INFO - ebDispatcherApplicationContext - Refreshing TeamCity Root WebApplicationContext: startup date [Tue Jan 15 12:04:33 GMT 2019]; root of context hierarchy
[2019-01-15 12:04:33,772]   INFO - MainTeamCityApplicationContext - Refreshing WebApplicationContext for namespace 'buildServer-servlet': startup date [Tue Jan 15 12:04:33 GMT 2019]; parent: TeamCity Root WebApplicationContext
[2019-01-15 12:04:38,364]   INFO -   jetbrains.buildServer.SERVER - Loading test names index from database...
[2019-01-15 12:04:38,396]   INFO -   jetbrains.buildServer.SERVER - Finished loading test names index in 29ms. Tests in the index: 0
[2019-01-15 12:04:38,441]   INFO -   jetbrains.buildServer.SERVER - Build history cache size is set to 10000 entries
[2019-01-15 12:04:38,969]   INFO -   jetbrains.buildServer.SERVER - Loading history of VCS changes...
[2019-01-15 12:04:38,980]   INFO -   jetbrains.buildServer.SERVER - Done loading history of VCS changes: 0 changes loaded in 10ms
[2019-01-15 12:04:39,189]   INFO -   jetbrains.buildServer.SERVER - Start initializing build durations cache...
[2019-01-15 12:04:39,193]   INFO -   jetbrains.buildServer.SERVER - Finished initializing build durations cache, time spent: 3ms
[2019-01-15 12:04:42,122]   WARN -   jetbrains.buildServer.UPDATE - Auto update is disabled: not supported for the 'docker-ubuntu' distribution.
[2019-01-15 12:04:45,564]   INFO -   jetbrains.buildServer.SERVER - Applying memory thresholds for Memory Usage Monitor: storing 100 last measurements; time between measurements: 3000ms. Thresholds: {TC_TOTAL_MEMORY_USAGE_KEY=90.0, PS Old Gen=90.0}
[2019-01-15 12:04:48,899]   INFO - til.ChildSpringContextLoader$1 - Refreshing SubContext (BuildAgentUpgrade): startup date [Tue Jan 15 12:04:48 GMT 2019]; parent: WebApplicationContext for namespace 'buildServer-servlet'
[2019-01-15 12:04:48,974]   INFO -  jetbrains.buildServer.STARTUP - TeamCity Spring context contains 1501 beans
[2019-01-15 12:04:49,692]   INFO -  jetbrains.buildServer.STARTUP - TeamCity Spring context created in: 15931 ms
[2019-01-15 12:04:49,846]   INFO -   jetbrains.buildServer.SERVER - Root project configuration files created
[2019-01-15 12:04:49,933]   INFO -   jetbrains.buildServer.SERVER - Start pre-compiling JSP files...
[2019-01-15 12:04:49,936]   INFO - ins.files.ServerPluginUnpacker - Unpacking zipped plugins from '/opt/teamcity/webapps/ROOT/WEB-INF/plugins'  to '/opt/teamcity/webapps/ROOT/WEB-INF/plugins/.unpacked'
[2019-01-15 12:04:52,076]   INFO - ins.files.ServerPluginUnpacker - Unpacking zipped plugins from '/data/teamcity_server/datadir/plugins'  to '/data/teamcity_server/datadir/system/caches/plugins.unpacked'
[2019-01-15 12:04:52,076]   INFO - rver.plugins.PluginManagerImpl - ===========================================================
[2019-01-15 12:04:52,077]   INFO - rver.plugins.PluginManagerImpl - Plugins initialization started...
[2019-01-15 12:04:52,077]   INFO - rver.plugins.PluginManagerImpl - Scanning plugins folders
[2019-01-15 12:04:52,078]   INFO - .plugins.files.JarSearcherBase - Scanning plugin folder: /opt/teamcity/webapps/ROOT/WEB-INF/plugins
[2019-01-15 12:04:52,148]   INFO - .plugins.files.JarSearcherBase - Scanning plugin folder: /data/teamcity_server/datadir/plugins
[2019-01-15 12:04:52,152]   INFO - ins.files.ServerPluginUnpacker - Unpacking zipped plugins from '/data/teamcity_server/datadir/plugins'  to '/data/teamcity_server/datadir/system/caches/plugins.unpacked'
[2019-01-15 12:04:52,187]   INFO - rver.plugins.PluginManagerImpl - Found 97 bundled plugins: [agent-system-info (ver:61078), agent.push (ver:61078), Ant (ver:61078), ant-net-tasks (ver:61078), Apache Ant (ver:61078), artifactsSizeStatistics (ver:61078), bugzilla (ver:61078), buildDurationStatisticsPlugin (ver:61078), clearcase (ver:61078), cloud-amazon (ver:61078), commandLineRunner (ver:61078), commit-status-publisher (ver:61078), configs-dsl (ver:61078), coverage (ver:61078), cvs (ver:61078), data-dir-browse (ver:61078), deploy-runner (ver:61078), docker-support (ver:61078), dotnet-tools (ver:61078), dotnet.cli (ver:61078), dotNetRunners (ver:61078), Duplicator (ver:61078), eclipse-plugin-distributor (ver:61078), email (ver:61078), environment-fetcher (ver:61078), feed (ver:61078), file-content-replacer (ver:61078), flaky-test-detector (ver:61078), FxCop (ver:61078), gant-tool (ver:61078), GAntRunner (ver:61078), gradle-runner (ver:61078), idea-runner-runtime-libs (ver:61078), idea-tool (ver:61078), Inspection (ver:61078), intellij-plugin-distributor (ver:61078), investigations-auto-assigner (ver:61078), Ipr (ver:61078), jabber (ver:61078), Java Crashed detector (ver:61078), java-dowser (ver:61078), jetbrains.git (ver:61078), jira (ver:61078), jps-tool (ver:61078), jvm-update (ver:61078), ldap (ver:61078), Maven2 (ver:61078), mercurial (ver:61078), metarunner (ver:61078), nt-domain-login (ver:61078), nuget (ver:61078), overview-plugin (ver:61078), perfmon (ver:61078), perforce (ver:61078), powershell-runner (ver:61078), priority-queue (ver:61078), pull-requests (ver:61078), queue-pauser (ver:61078), rake-runner (ver:61078), remoteAccess (ver:61078), reset-password (ver:61078), rest-api (ver:61078), rest-api-2017.1 (ver:61078), rest-api-2017.2 (ver:61078), rest-api-6.0 (ver:61078), rest-api-7.0 (ver:61078), rest-api-8.1 (ver:61078), rest-api-9.0 (ver:61078), rest-api-9.1 (ver:61078), rest-api-contrib (ver:61078), rest-api-contrib-2017.1 (ver:61078), rest-api-contrib-2017.2 (ver:61078), rest-api-contrib-9.0 (ver:61078), rest-api-contrib-9.1 (ver:61078), s3-artifact-storage (ver:61078), sbt-runner (ver:61078), searchBuildByNumber (ver:61078), ssh-manager (ver:61078), stacktraces (ver:61078), starteam (ver:61078), svn (ver:61078), swabra (ver:61078), TeamCity.BitBucketIssues (ver:61078), TeamCity.GitHubIssues (ver:61078), TeamCity.SharedResources (ver:61078), tfs (ver:61078), unified-ui (ver:61078), usage-statistics (ver:61078), vault-vcs (ver:61078), visualstudiotest (ver:61078), vs-addin-distributor (ver:61078), vsphere (ver:61078), WindowsTray (ver:61078), WindowsTray-distributor (ver:61078), xcode-runner (ver:61078), xml-report-plugin (ver:61078), youtrack (ver:61078)]
[2019-01-15 12:04:52,369]   INFO - rver.plugins.PluginsCollection - Load shared classloader for 32 plugins [Ant, ant-net-tasks, Apache Ant, artifactsSizeStatistics, buildDurationStatisticsPlugin, clearcase, commandLineRunner, coverage, cvs, email, environment-fetcher, feed, gant-tool, GAntRunner, gradle-runner, intellij-plugin-distributor, jabber, Java Crashed detector, jps-tool, ldap, overview-plugin, perfmon, priority-queue, remoteAccess, sbt-runner, searchBuildByNumber, stacktraces, starteam, swabra, WindowsTray, xml-report-plugin, youtrack]
[2019-01-15 12:04:52,407]   INFO - rver.plugins.PluginsCollection - Load standalone classloaders for 65 plugins [agent-system-info, agent.push, bugzilla, cloud-amazon, commit-status-publisher, configs-dsl, data-dir-browse, deploy-runner, docker-support, dotnet-tools, dotnet.cli, dotNetRunners, Duplicator, eclipse-plugin-distributor, file-content-replacer, flaky-test-detector, FxCop, idea-runner-runtime-libs, idea-tool, Inspection, investigations-auto-assigner, Ipr, java-dowser, jetbrains.git, jira, jvm-update, Maven2, mercurial, metarunner, nt-domain-login, nuget, perforce, powershell-runner, pull-requests, queue-pauser, rake-runner, reset-password, rest-api, rest-api-2017.1, rest-api-2017.2, rest-api-6.0, rest-api-7.0, rest-api-8.1, rest-api-9.0, rest-api-9.1, rest-api-contrib, rest-api-contrib-2017.1, rest-api-contrib-2017.2, rest-api-contrib-9.0, rest-api-contrib-9.1, s3-artifact-storage, ssh-manager, svn, TeamCity.BitBucketIssues, TeamCity.GitHubIssues, TeamCity.SharedResources, tfs, unified-ui, usage-statistics, vault-vcs, visualstudiotest, vs-addin-distributor, vsphere, WindowsTray-distributor, xcode-runner]
[2019-01-15 12:04:56,127]   INFO - e.RemoteMavenServerManagerImpl - Starting external maven service
[2019-01-15 12:04:57,321]   INFO - e.RemoteMavenServerManagerImpl - Remote server is connected.
[2019-01-15 12:05:02,332]   INFO -   jetbrains.buildServer.SERVER - Creating new Lucene index (version.24): org.apache.lucene.store.NIOFSDirectory@/data/teamcity_server/datadir/system/caches/search lockFactory=org.apache.lucene.store.NativeFSLockFactory@366fb710
[2019-01-15 12:05:03,145]   INFO -   jetbrains.buildServer.SERVER - Restoring flaky tests status from finished builds started after: 2019-01-08 12:05:03.133
[2019-01-15 12:05:05,399]   INFO - rver.plugins.PluginManagerImpl - Plugins initialization completed (97 plugins loaded): [agent-system-info (ver:61078), agent.push (ver:61078), Ant (ver:61078), ant-net-tasks (ver:61078), Apache Ant (ver:61078), artifactsSizeStatistics (ver:61078), bugzilla (ver:61078), buildDurationStatisticsPlugin (ver:61078), clearcase (ver:61078), cloud-amazon (ver:61078), commandLineRunner (ver:61078), commit-status-publisher (ver:61078), configs-dsl (ver:61078), coverage (ver:61078), cvs (ver:61078), data-dir-browse (ver:61078), deploy-runner (ver:61078), docker-support (ver:61078), dotnet-tools (ver:61078), dotnet.cli (ver:61078), dotNetRunners (ver:61078), Duplicator (ver:61078), eclipse-plugin-distributor (ver:61078), email (ver:61078), environment-fetcher (ver:61078), feed (ver:61078), file-content-replacer (ver:61078), flaky-test-detector (ver:61078), FxCop (ver:61078), gant-tool (ver:61078), GAntRunner (ver:61078), gradle-runner (ver:61078), idea-runner-runtime-libs (ver:61078), idea-tool (ver:61078), Inspection (ver:61078), intellij-plugin-distributor (ver:61078), investigations-auto-assigner (ver:61078), Ipr (ver:61078), jabber (ver:61078), Java Crashed detector (ver:61078), java-dowser (ver:61078), jetbrains.git (ver:61078), jira (ver:61078), jps-tool (ver:61078), jvm-update (ver:61078), ldap (ver:61078), Maven2 (ver:61078), mercurial (ver:61078), metarunner (ver:61078), nt-domain-login (ver:61078), nuget (ver:61078), overview-plugin (ver:61078), perfmon (ver:61078), perforce (ver:61078), powershell-runner (ver:61078), priority-queue (ver:61078), pull-requests (ver:61078), queue-pauser (ver:61078), rake-runner (ver:61078), remoteAccess (ver:61078), reset-password (ver:61078), rest-api (ver:61078), rest-api-2017.1 (ver:61078), rest-api-2017.2 (ver:61078), rest-api-6.0 (ver:61078), rest-api-7.0 (ver:61078), rest-api-8.1 (ver:61078), rest-api-9.0 (ver:61078), rest-api-9.1 (ver:61078), rest-api-contrib (ver:61078), rest-api-contrib-2017.1 (ver:61078), rest-api-contrib-2017.2 (ver:61078), rest-api-contrib-9.0 (ver:61078), rest-api-contrib-9.1 (ver:61078), s3-artifact-storage (ver:61078), sbt-runner (ver:61078), searchBuildByNumber (ver:61078), ssh-manager (ver:61078), stacktraces (ver:61078), starteam (ver:61078), svn (ver:61078), swabra (ver:61078), TeamCity.BitBucketIssues (ver:61078), TeamCity.GitHubIssues (ver:61078), TeamCity.SharedResources (ver:61078), tfs (ver:61078), unified-ui (ver:61078), usage-statistics (ver:61078), vault-vcs (ver:61078), visualstudiotest (ver:61078), vs-addin-distributor (ver:61078), vsphere (ver:61078), WindowsTray (ver:61078), WindowsTray-distributor (ver:61078), xcode-runner (ver:61078), xml-report-plugin (ver:61078), youtrack (ver:61078)]
[2019-01-15 12:05:05,402]   INFO - rver.plugins.PluginManagerImpl - ===========================================================
[2019-01-15 12:05:05,407]   INFO -   jetbrains.buildServer.SERVER - TeamCity plugins loaded in: 15513 ms
[2019-01-15 12:05:08,364]   INFO -   jetbrains.buildServer.SERVER - Start loading server configuration...
[2019-01-15 12:05:08,430]   INFO -  jetbrains.buildServer.CLEANUP - Max cleanup duration is set to 0 seconds
[2019-01-15 12:05:08,436]   INFO -  jetbrains.buildServer.CLEANUP - Cleanup time has been set to 03:00:00 daily
[2019-01-15 12:05:08,454]   INFO -  jetbrains.buildServer.CLEANUP - Cleanup is enabled
[2019-01-15 12:05:08,719]   INFO -   jetbrains.buildServer.SERVER - Parsing 2 configuration files...
[2019-01-15 12:05:08,754]   INFO -   jetbrains.buildServer.SERVER - Loading data from parsed configuration files...
[2019-01-15 12:05:09,055]   INFO - r.configs.dsl.DslPluginManager - Plugin sources are packed in 105ms
[2019-01-15 12:05:09,159]   INFO -   jetbrains.buildServer.SERVER - Server configuration loaded in: 793ms
[2019-01-15 12:05:14,841]   INFO -   jetbrains.buildServer.SERVER - TeamCity initialized, server UUID: e9944c94-061c-4cf4-9c63-390827c11dd1, URL: http://localhost
[2019-01-15 12:05:14,847]   INFO -   jetbrains.buildServer.SERVER - TeamCity is running in professional mode
[2019-01-15 12:05:14,848]   INFO - utors.DeferringExecutorService - 0 commands sent to execution
[2019-01-15 12:05:14,849]   INFO - utors.DeferringExecutorService - 0 commands sent to execution
[2019-01-15 12:05:14,858]   INFO - utors.DeferringExecutorService - 4 commands sent to execution
[2019-01-15 12:05:14,901]   INFO - utors.DeferringExecutorService - 3 commands sent to execution
[2019-01-15 12:05:14,901]   INFO - utors.DeferringExecutorService - 0 commands sent to execution
[2019-01-15 12:05:14,904]   INFO - utors.DeferringExecutorService - 0 commands sent to execution
[2019-01-15 12:05:14,914]   INFO -   jetbrains.buildServer.SERVER - Start pre-fetching changes for 0 build configurations...
[2019-01-15 12:05:14,917]   INFO -   jetbrains.buildServer.SERVER - Done pre-fetching changes for 0 build configurations in 2ms
[2019-01-15 12:05:14,920]   INFO -   jetbrains.buildServer.SERVER - Start calculating branches for 0 build configurations...
[2019-01-15 12:05:14,920]   INFO -   jetbrains.buildServer.SERVER - Done calculating branches for 0 build configurations (0 branches found) in < 1ms
[2019-01-15 12:05:14,920]   INFO -   jetbrains.buildServer.SERVER - Start calculating status for 0 build configurations...
[2019-01-15 12:05:14,921]   INFO -   jetbrains.buildServer.SERVER - Done calculating branches for 0 build configurations in < 1ms
[2019-01-15 12:05:14,921]   INFO -   jetbrains.buildServer.SERVER - Start prefetching build statistic metrics for 0 build configurations...
[2019-01-15 12:05:14,938]   INFO -   jetbrains.buildServer.SERVER - Done prefetching build statistic metrics for 0 build configurations in 16ms
[2019-01-15 12:05:14,968]   INFO -   jetbrains.buildServer.SERVER - 0 historical test invocation(s) in 0 build(s) replayed in 0.147 ms (sql queries executed in 0.000 ms); 0 test invocation(s) ignored (0%)
[2019-01-15 12:05:14,968]   INFO -   jetbrains.buildServer.SERVER - Flaky test detector: started processing tests queue. Current deferring tests count: 0
[2019-01-15 12:05:14,969]   INFO -   jetbrains.buildServer.SERVER - Flaky test detector: finished processing deferred tests queue
[2019-01-15 12:05:15,188]   INFO -   jetbrains.buildServer.SERVER - Super user authentication token: 6170680988945391914 (use empty username with the token as the password to access the server)
[2019-01-15 12:05:15,195]   INFO - .agent.AgentZipVersionProvider - Build agent distribution '/opt/teamcity/webapps/ROOT/update/buildAgent.zip' state initialized. Last modified: 26.12.2018 17:11:55, size: 18961883
[2019-01-15 12:05:15,201]   INFO -   jetbrains.buildServer.SERVER - Start loading test runs for investigations and mutes into cache...
[2019-01-15 12:05:15,239]   INFO -   jetbrains.buildServer.SERVER - Start loading "failed to start" build configuration errors in background
[2019-01-15 12:05:15,240]   INFO -   jetbrains.buildServer.SERVER - Done loading "failed to start" build configuration errors: loaded 0 problems
[2019-01-15 12:05:15,246]   INFO -   jetbrains.buildServer.SERVER - Done loading test runs. Loaded 0 tests in 44ms, cache size: 0
[2019-01-15 12:05:15,368]   INFO - ority.PriorityClassManagerImpl - Loading priority classes from the configuration file: /data/teamcity_server/datadir/config/build-queue-priorities.xml
[2019-01-15 12:05:15,380]   INFO -   jetbrains.buildServer.SERVER - Ordering strategy changed to jetbrains.buildServer.serverSide.priority.BuildQueuePriorityOrdering
[2019-01-15 12:05:15,394]   INFO - verSide.impl.BuildServerRunner - Start daemons
[2019-01-15 12:05:15,409]   INFO - tbrains.buildServer.ACTIVITIES - Server Started
[2019-01-15 12:05:15,436]   INFO -  jetbrains.buildServer.STARTUP - Startup duration: 22m:21s
[2019-01-15 12:05:15,437]   INFO -  jetbrains.buildServer.STARTUP - Current stage: System is ready
[2019-01-15 12:05:15,482]   INFO - .agent.AgentZipVersionProvider - Build agent distribution version is set to 61078, hash=SHA-1QQc8d3/SnUPIBWRAk0dfsavUjNc=
[2019-01-15 12:05:20,839]   INFO - nt.AgentPluginsVersionProvider - State of agent plugin packages is initialized in 5s,352ms: new plugin 'JetBrains.dotCover.CommandLineTools.bundled.zip' file: '/opt/teamcity/webapps/ROOT/WEB-INF/plugins/dotNetRunners/bundled-tools/JetBrains.dotCover.CommandLineTools.bundled.zip', hash: 'SHA-1abIjg7zUWju8mXIwnp2yYgBMz88='; new plugin 'agentSystemInfo.zip' file: '/opt/teamcity/webapps/ROOT/WEB-INF/plugins/.unpacked/agentSystemInfo/agent/agentSystemInfo.zip', hash: 'SHA-1msSogzoG3VBb/BkxqFZvWuEmkFE='; new plugin 'amazonEC2.zip' file: '/opt/teamcity/webapps/ROOT/WEB-INF/plugins/cloud-amazon/agent/amazonEC2.zip', hash: 'SHA-1kvrrBTmHmdP+IcHVEWDHPTXZUkA='; new plugin 'ant-net-tasks.zip' file: '/opt/teamcity/webapps/ROOT/WEB-INF/plugins/ant-net-tasks/agent/ant-net-tasks.zip', hash: 'SHA-1Vu4eaoFCF+m4x4+13y/GJp8Mkgw='; new plugin 'ant.zip' file: '/opt/teamcity/webapps/ROOT/WEB-INF/plugins/ant-tool/agent/ant.zip', hash: 'SHA-1IIfX95BNNndUJeER71NfLW2TltA='; new plugin 'antPlugin.zip' file: '/opt/teamcity/webapps/ROOT/WEB-INF/plugins/ant/agent/antPlugin.zip', hash: 'SHA-136xC13xJd6xPuPEos5AVrisEVUc='; new plugin 'clearcase-agent.zip' file: '/opt/teamcity/webapps/ROOT/WEB-INF/plugins/.unpacked/clearcase/agent/clearcase-agent.zip', hash: 'SHA-1UrJDZspzWm2AJTge/sse+774tL8='; new plugin 'cloud-vmware-agent.zip' file: '/opt/teamcity/webapps/ROOT/WEB-INF/plugins/.unpacked/cloud-vmware/agent/cloud-vmware-agent.zip', hash: 'SHA-1YKETUu9pH6xwbo0sURq4BnqX2ls='; new plugin 'commandLineRunner.jar' file: '/opt/teamcity/webapps/ROOT/WEB-INF/plugins/commandLineRunner/agent/commandLineRunner.jar', hash: 'SHA-1jfpmZj7j929n6gMW0qlEAbQyXUE='; new plugin 'coveragePlugin.zip' file: '/opt/teamcity/webapps/ROOT/WEB-INF/plugins/coverage/agent/coveragePlugin.zip', hash: 'SHA-1pP1nSsqDlGBt2bBlkDnFXDAWH/4='; new plugin 'crashDetector.zip' file: '/opt/teamcity/webapps/ROOT/WEB-INF/plugins/crash-detector/agent/crashDetector.zip', hash: 'SHA-100Q3JXMyV+ETH017G9hazrsyYAo='; new plugin 'cvsAgent.zip' file: '/opt/teamcity/webapps/ROOT/WEB-INF/plugins/cvs-support/agent/cvsAgent.zip', hash: 'SHA-1ooWcVKbYulmvioIniV31AkbrLxs='; new plugin 'deploy-runner-agent.zip' file: '/opt/teamcity/webapps/ROOT/WEB-INF/plugins/.unpacked/deploy-runner/agent/deploy-runner-agent.zip', hash: 'SHA-1M9MACPKe4x6FXIOYFpSCTlQ/Mzo='; new plugin 'docker-support.zip' file: '/opt/teamcity/webapps/ROOT/WEB-INF/plugins/.unpacked/docker-support/agent/docker-support.zip', hash: 'SHA-1yDO7+33F2FsEn/zdmLX+UR6teGw='; new plugin 'dotNetPlugin.zip' file: '/opt/teamcity/webapps/ROOT/WEB-INF/plugins/dotNetRunners/agent/dotNetPlugin.zip', hash: 'SHA-1pXbLB0rN+R0g2fXJGFsOLiqCqyk='; new plugin 'dotNetRunners.zip' file: '/opt/teamcity/webapps/ROOT/WEB-INF/plugins/dotNetRunners/agent/dotNetRunners.zip', hash: 'SHA-1ZKBOuP+as/NWJiCaxFDcHFVI9Fs='; new plugin 'dotnet-tools-agent.zip' file: '/opt/teamcity/webapps/ROOT/WEB-INF/plugins/.unpacked/dotnet-tools/agent/dotnet-tools-agent.zip', hash: 'SHA-1fpeK5poDoxjg83agAR/x/Ftx4zs='; new plugin 'dotnet.cli.zip' file: '/opt/teamcity/webapps/ROOT/WEB-INF/plugins/.unpacked/dotnet.cli/agent/dotnet.cli.zip', hash: 'SHA-1VJeNvGdC+Xc29fQl9BJymi1UTU0='; new plugin 'duplicatePlugin.zip' file: '/opt/teamcity/webapps/ROOT/WEB-INF/plugins/Duplicator/agent/duplicatePlugin.zip', hash: 'SHA-1hgqbpQoj5qHK09xfwRWCXWVHnXU='; new plugin 'environment-fetcher-agent.jar' file: '/opt/teamcity/webapps/ROOT/WEB-INF/plugins/environment-fetcher/agent/environment-fetcher-agent.jar', hash: 'SHA-1490T2gqZkFFnSp/bK25p+ZffFt0='; new plugin 'file-content-replacer.zip' file: '/opt/teamcity/webapps/ROOT/WEB-INF/plugins/file-content-replacer/agent/file-content-replacer.zip', hash: 'SHA-1Sx1JbHYMAhRKHPm/Ng2KENLlc88='; new plugin 'fxcop.zip' file: '/opt/teamcity/webapps/ROOT/WEB-INF/plugins/.unpacked/fxcop/agent/fxcop.zip', hash: 'SHA-1mj9f26dF0ZGB1rsksdZEqn6URLA='; new plugin 'gant.zip' file: '/opt/teamcity/webapps/ROOT/WEB-INF/plugins/gant-tool/agent/gant.zip', hash: 'SHA-1CdjTnkP/VrOXPnYmBIP6xsg4Y/4='; new plugin 'gantPlugin.zip' file: '/opt/teamcity/webapps/ROOT/WEB-INF/plugins/gantRunner/agent/gantPlugin.zip', hash: 'SHA-1w0YwFic9dqgvW7K6JYrEMtfJmUc='; new plugin 'gradle-runner.zip' file: '/opt/teamcity/webapps/ROOT/WEB-INF/plugins/gradle/agent/gradle-runner.zip', hash: 'SHA-1ALR4Zc+4HPl8MZifOsp00iGqMBM='; new plugin 'idea-runner-runtime-libs.zip' file: '/opt/teamcity/webapps/ROOT/WEB-INF/plugins/idea-runner-runtime-libs/agent/idea-runner-runtime-libs.zip', hash: 'SHA-1CLYUji0eB9o1aRVhs6nihk8TCBM='; new plugin 'idea-runner.zip' file: '/opt/teamcity/webapps/ROOT/WEB-INF/plugins/ipr-runner/agent/idea-runner.zip', hash: 'SHA-1rQMdb0zrv9XmdsNC5v8Y/geEOVY='; new plugin 'idea.zip' file: '/opt/teamcity/webapps/ROOT/WEB-INF/plugins/idea-tool/bundled/idea.zip', hash: 'SHA-1XTT6bY7tKRwV9WiX8kip8IoYnn0='; new plugin 'inspectionPlugin.zip' file: '/opt/teamcity/webapps/ROOT/WEB-INF/plugins/server-side-inspections/agent/inspectionPlugin.zip', hash: 'SHA-10oIQVec2059nIpgyalALhy0dGoU='; new plugin 'jacoco.0.7.5.zip' file: '/opt/teamcity/webapps/ROOT/WEB-INF/plugins/coverage/bundled/jacoco.0.7.5.zip', hash: 'SHA-1Roy8HJlpBhYviQE/jLzbhrDBiag='; new plugin 'jacoco.0.8.2.zip' file: '/opt/teamcity/webapps/ROOT/WEB-INF/plugins/coverage/bundled/jacoco.0.8.2.zip', hash: 'SHA-1i6AA0PaSQV3u5rPc8VPKtJ8oTq8='; new plugin 'java-dowser.zip' file: '/opt/teamcity/webapps/ROOT/WEB-INF/plugins/java-dowser/agent/java-dowser.zip', hash: 'SHA-1iqudR+9Jc+rAupKIwj4EYawrqFY='; new plugin 'jetbrains.git.zip' file: '/opt/teamcity/webapps/ROOT/WEB-INF/plugins/.unpacked/jetbrains.git/agent/jetbrains.git.zip', hash: 'SHA-1CrtPadvC9/lV4a/wLcDFh9VWgpw='; new plugin 'jetbrains.resharper-clt.bundled.zip' file: '/opt/teamcity/webapps/ROOT/WEB-INF/plugins/.unpacked/dotnet-tools/server/bundled-tool/jetbrains.resharper-clt.bundled.zip', hash: 'SHA-16RBjkQ40WMyNbFkocgtraWKfUzQ='; new plugin 'jps.zip' file: '/opt/teamcity/webapps/ROOT/WEB-INF/plugins/jps-tool/agent/jps.zip', hash: 'SHA-1z5+6+OSGy8YT0Jf5qCFUJLhFRfY='; new plugin 'junitPlugin.zip' file: '/opt/teamcity/webapps/ROOT/WEB-INF/plugins/ant/agent/junitPlugin.zip', hash: 'SHA-1NaJosY9F6YSWodL5uaLNARWiTH8='; new plugin 'jvm-update.zip' file: '/opt/teamcity/webapps/ROOT/WEB-INF/plugins/jvm-update/agent/jvm-update.zip', hash: 'SHA-1GwM+//78+lFBEGmyw6FWoW2Nl1U='; new plugin 'maven.zip' file: '/opt/teamcity/webapps/ROOT/WEB-INF/plugins/Maven2/bundled-tools/maven.zip', hash: 'SHA-1DQYDl+k5IND7nY3YMWimZ9zl7sA='; new plugin 'maven3.zip' file: '/opt/teamcity/webapps/ROOT/WEB-INF/plugins/Maven2/bundled-tools/maven3.zip', hash: 'SHA-1tQYBo+Z3FiMF6Bdda8C3sbA/yPk='; new plugin 'maven3_1.zip' file: '/opt/teamcity/webapps/ROOT/WEB-INF/plugins/Maven2/bundled-tools/maven3_1.zip', hash: 'SHA-1pomMiZDVwSmF6oedNQGtfvGewKE='; new plugin 'maven3_2.zip' file: '/opt/teamcity/webapps/ROOT/WEB-INF/plugins/Maven2/bundled-tools/maven3_2.zip', hash: 'SHA-1NB4mvP93a+BI412GwQwVd/2PARs='; new plugin 'maven3_3.zip' file: '/opt/teamcity/webapps/ROOT/WEB-INF/plugins/Maven2/bundled-tools/maven3_3.zip', hash: 'SHA-1i/iIqZIfjWI0GSSRy56Tl8egTxs='; new plugin 'maven3_5.zip' file: '/opt/teamcity/webapps/ROOT/WEB-INF/plugins/Maven2/bundled-tools/maven3_5.zip', hash: 'SHA-1mam7tSsdoLAoRMl3zhRY3ky2w5A='; new plugin 'mavenPlugin.zip' file: '/opt/teamcity/webapps/ROOT/WEB-INF/plugins/Maven2/agent/mavenPlugin.zip', hash: 'SHA-1UUurTDIzmQTP4K4vPjfFFrxsSxo='; new plugin 'mercurial.zip' file: '/opt/teamcity/webapps/ROOT/WEB-INF/plugins/.unpacked/mercurial/agent/mercurial.zip', hash: 'SHA-1Wnj8QwN5A+fvBQ6IQr9FFOnellg='; new plugin 'meta-runner.zip' file: '/opt/teamcity/webapps/ROOT/WEB-INF/plugins/meta-runner/agent/meta-runner.zip', hash: 'SHA-1G0Ql+cyo//14LKhDaPms/GeI4hA='; new plugin 'nuget-agent.zip' file: '/opt/teamcity/webapps/ROOT/WEB-INF/plugins/.unpacked/dotNetPackagesSupport/agent/nuget-agent.zip', hash: 'SHA-1hzOw/QT6dyc5Qai89ojC7agnXIA='; new plugin 'perfmon-agent.zip' file: '/opt/teamcity/webapps/ROOT/WEB-INF/plugins/.unpacked/perfmon/agent/perfmon-agent.zip', hash: 'SHA-1pOnvjG8lLwtZY5DFvc2hXHr/SyI='; new plugin 'perforce-agent.zip' file: '/opt/teamcity/webapps/ROOT/WEB-INF/plugins/perforce/agent/perforce-agent.zip', hash: 'SHA-11KevNIr/h0btWNlvS4NNsRML+Ww='; new plugin 'powershell-agent.zip' file: '/opt/teamcity/webapps/ROOT/WEB-INF/plugins/.unpacked/powershell/agent/powershell-agent.zip', hash: 'SHA-1Ua5X2B8QxDEGTMJtJErXPg9Y+f4='; new plugin 'rake-runner.zip' file: '/opt/teamcity/webapps/ROOT/WEB-INF/plugins/.unpacked/rake-runner/agent/rake-runner.zip', hash: 'SHA-1fikqT3ChYTlPZcH4A4QnGlN9UT0='; new plugin 'remoteAccess.zip' file: '/opt/teamcity/webapps/ROOT/WEB-INF/plugins/remoteAccess/agent/remoteAccess.zip', hash: 'SHA-1FFhpL0mtdHiaxr5fDVbRv0hNJf0='; new plugin 's3-artifact-storage-agent.zip' file: '/opt/teamcity/webapps/ROOT/WEB-INF/plugins/.unpacked/s3-artifact-storage/agent/s3-artifact-storage-agent.zip', hash: 'SHA-1cvRyBm/YsN7cLS+fqhDOxUVGKqc='; new plugin 'sbt-runner-agent.zip' file: '/opt/teamcity/webapps/ROOT/WEB-INF/plugins/.unpacked/sbt-runner/agent/sbt-runner-agent.zip', hash: 'SHA-1VAFaJzJw4bZUFzvgbffyE+084HQ='; new plugin 'ssh-manager.jar' file: '/opt/teamcity/webapps/ROOT/WEB-INF/plugins/ssh-manager/agent/ssh-manager.jar', hash: 'SHA-1mjtZeK6P7Pb3qdxB/t+QwubHei8='; new plugin 'stacktracesPlugin.zip' file: '/opt/teamcity/webapps/ROOT/WEB-INF/plugins/stacktraces/agent/stacktracesPlugin.zip', hash: 'SHA-1twbueMNkGgDNCr2akJbYvfrmxk8='; new plugin 'svnAgent.zip' file: '/opt/teamcity/webapps/ROOT/WEB-INF/plugins/svn/agent/svnAgent.zip', hash: 'SHA-13tO64F1IItI0X2u7CAJAm1lzdHQ='; new plugin 'swabra.zip' file: '/opt/teamcity/webapps/ROOT/WEB-INF/plugins/.unpacked/swabra/agent/swabra.zip', hash: 'SHA-1GnR6GFzcC993nGMlk3Too3+9aV0='; new plugin 'testNGPlugin.zip' file: '/opt/teamcity/webapps/ROOT/WEB-INF/plugins/ant/agent/testNGPlugin.zip', hash: 'SHA-1rJvIKYWNFWnfH+Sd324H/b8nF1c='; new plugin 'tfs-agent.zip' file: '/opt/teamcity/webapps/ROOT/WEB-INF/plugins/tfs/agent/tfs-agent.zip', hash: 'SHA-1P8eI4L1eVABUOxMjJBBXOQnpDpQ='; new plugin 'visualstudiotest-agent.zip' file: '/opt/teamcity/webapps/ROOT/WEB-INF/plugins/visualstudiotest/agent/visualstudiotest-agent.zip', hash: 'SHA-1aMIbVjALkWfTlR0Vk+qR41Cu/zg='; new plugin 'xcode-runner.zip' file: '/opt/teamcity/webapps/ROOT/WEB-INF/plugins/.unpacked/xcode-runner/agent/xcode-runner.zip', hash: 'SHA-1Ogmn1M8yWiDhqMKTDbmgYx+FZe0='; new plugin 'xml-report-plugin.zip' file: '/opt/teamcity/webapps/ROOT/WEB-INF/plugins/.unpacked/xml-report-plugin/agent/xml-report-plugin.zip', hash: 'SHA-1bG2VW+n1QaMf9fh7dAFfjAahK5s='
[2019-01-15 12:05:23,710]   INFO -    jetbrains.buildServer.AGENT - Removing authorization token '' from agent with no name: "" {id=0, protocol=unidirectional, host=172.25.0.3:9090, agentTypeId=0, registered since 2019-01-15 12:05:23.709}
[2019-01-15 12:05:23,750]   INFO -    jetbrains.buildServer.AGENT - Set generated name "teamcitysetupcode_agent_1" to agent "" {id=1} as it had no name defined.
[2019-01-15 12:05:23,755]   INFO -    jetbrains.buildServer.AGENT - New agent authorization token "a20efe187e8dba3ffe31fa26a64a0e96" was generated for agent "teamcitysetupcode_agent_1" {id=1}
[2019-01-15 12:05:23,790]   INFO -    jetbrains.buildServer.AGENT - Upgrade of agent "teamcitysetupcode_agent_1" {id=1} has been scheduled, agent version: 60925, plugins signature: NA. Current version: 61078, plugins signature: 61078-md5-229430a4afa3bfc99a27fac3c806c917
[2019-01-15 12:05:23,870]   INFO -    jetbrains.buildServer.AGENT - Agent has been registered: "teamcitysetupcode_agent_1" {id=1, protocol=unidirectional, host=172.25.0.3:9090, agentTypeId=1, pool=Default, registered since 2019-01-15 12:05:23.709}, not running a build
[2019-01-15 12:05:23,895]   INFO - ldServer.AGENT.PollingProtocol - Polling Agent session 'KAPJ3ug...' was created, agent: "teamcitysetupcode_agent_1" {id=1}
[2019-01-15 12:05:24,045]   WARN -    jetbrains.buildServer.AGENT - Agent "teamcitysetupcode_agent_1" {id=1} is unauthorized on registration
[2019-01-15 12:05:24,856]   INFO -    jetbrains.buildServer.AGENT - Agent "teamcitysetupcode_agent_1" {id=1} has confirmed upgrade.
[2019-01-15 12:05:25,091]   INFO - ldServer.AGENT.PollingProtocol - Polling Agent session 'KAPJ3ug...' was closed, agent: "teamcitysetupcode_agent_1" {id=1}
[2019-01-15 12:05:25,104]   INFO -    jetbrains.buildServer.AGENT - Agent "teamcitysetupcode_agent_1" {id=1} has been unregistered. Reason: Agent has unregistered (will upgrade)
[2019-01-15 12:06:07,676]   INFO - r.configs.dsl.DslPluginManager - Plugins dsl compiled in 58s,689ms
[2019-01-15 12:06:20,191]   INFO -   jetbrains.buildServer.SERVER - JSP pre-compilation finished, pre-compiled 779 files in 1m:30s,362ms
[2019-01-15 12:06:28,279]   INFO -    jetbrains.buildServer.AGENT - Agent has been registered: "teamcitysetupcode_agent_1" {id=1, protocol=unidirectional, host=172.25.0.3:9090, agentTypeId=1, pool=Default, registered since 2019-01-15 12:06:28.173}, not running a build
[2019-01-15 12:06:28,285]   INFO - ldServer.AGENT.PollingProtocol - Polling Agent session '95tkGb4...' was created, agent: "teamcitysetupcode_agent_1" {id=1}
[2019-01-15 12:06:28,355]   WARN -    jetbrains.buildServer.AGENT - Agent "teamcitysetupcode_agent_1" {id=1} is unauthorized on registration
[2019-01-15 12:07:01,621]   INFO - r.configs.dsl.DslPluginManager - DSL documentation (http://localhost:8111/app/dsl-documentation/index.html) generated in 53810ms
[2019-01-15 12:08:56,546]   INFO - ldServer.AGENT.PollingProtocol - Polling Agent session '95tkGb4...' was closed, agent: "teamcitysetupcode_agent_1" {id=1}
[2019-01-15 12:08:56,549]   INFO -    jetbrains.buildServer.AGENT - Agent "teamcitysetupcode_agent_1" {id=1} has been unregistered. Reason: Agent has unregistered
[2019-01-15 12:08:58,948]   INFO -  jetbrains.buildServer.STARTUP - Server shutdown event received
[2019-01-15 12:08:58,951]   INFO -  jetbrains.buildServer.STARTUP - Current stage: TeamCity server is shutting down
[2019-01-15 12:08:58,953]   INFO -  jetbrains.buildServer.STARTUP - Stopping the main application
[2019-01-15 12:08:59,054]   INFO -  jetbrains.buildServer.STARTUP - Destroying the main servlet
[2019-01-15 12:08:59,060]   INFO - MainTeamCityApplicationContext - Closing WebApplicationContext for namespace 'buildServer-servlet': startup date [Tue Jan 15 12:04:33 GMT 2019]; parent: TeamCity Root WebApplicationContext
[2019-01-15 12:08:59,074]   INFO - tbrains.buildServer.ACTIVITIES - Shutdown Spring components
[2019-01-15 12:08:59,105]   INFO -   jetbrains.buildServer.SERVER - Start shutdown of the thread "Ping 1"
[2019-01-15 12:08:59,106]   INFO -   jetbrains.buildServer.SERVER - Start shutdown of the thread "Flush Queue 1"
[2019-01-15 12:08:59,106]   INFO -   jetbrains.buildServer.SERVER - Start shutdown of the thread "Build Triggers Monitor 1"
[2019-01-15 12:08:59,107]   INFO -   jetbrains.buildServer.SERVER - Start shutdown of the thread "Build Triggers Monitor 1"
[2019-01-15 12:08:59,113]   INFO -   jetbrains.buildServer.SERVER - Saving projects credentials on disk ...
[2019-01-15 12:08:59,114]   INFO -   jetbrains.buildServer.SERVER - Saving projects credentials on disk finished
[2019-01-15 12:08:59,116]   INFO - ojects.BackgroundPersisterImpl - Shutdown background persister
[2019-01-15 12:08:59,367]   INFO - ojects.BackgroundPersisterImpl - Background persister shutdown complete
[2019-01-15 12:08:59,454]   INFO - Server.serverSide.TmpFilesImpl - Delete temp files on server shutdown
[2019-01-15 12:08:59,772]   INFO - Server.serverSide.TmpFilesImpl - Temp files were deleted in 319ms
[2019-01-15 12:08:59,779]   INFO -   jetbrains.buildServer.SERVER - Finishing pending agents long-polling requests
[2019-01-15 12:08:59,784]   INFO - .index.BuildIndexer (metadata) - Background build indexer finished
[2019-01-15 12:09:00,629]   INFO - ld.index.BuildIndexer (search) - Background build indexer finished
[2019-01-15 12:09:00,883]   INFO - rShutdownProcessTerminatorImpl - Start killing all child processes. To disable it set 'teamcity.kill.child.processes.on.shutdown' JVM property to 'false'
[2019-01-15 12:09:00,888]   INFO - rocesses.ProcessTreeTerminator - Using jetbrains.buildServer.processes.ProcessTreeTerminatorLinux
[2019-01-15 12:09:00,889]   INFO - .ProcessTreeTerminatorImplBase - Will use command 'sh -c echo $$ && ps awwxo pid,ppid,command | tee'.
[2019-01-15 12:09:00,938]   INFO - .ProcessTreeTerminatorImplBase - Will use command 'sh -c echo $$ && ps awwxo pid,ppid,command | tee'.
[2019-01-15 12:09:00,962]   INFO - ses.ProcessTreeTerminatorLinux - Second thread id is 132
[2019-01-15 12:09:00,963]   INFO - ses.ProcessTreeTerminatorLinux - Thread is Process thread model: false
[2019-01-15 12:09:00,966]   INFO - .ProcessTreeTerminatorImplBase - Collecting processes from the current one, current process PID 132
[2019-01-15 12:09:00,968]   INFO - .ProcessTreeTerminatorImplBase - No processes to kill
[2019-01-15 12:09:00,971]   INFO - tbrains.buildServer.ACTIVITIES - Spring components are shut down
[2019-01-15 12:09:00,996]   INFO - til.ChildSpringContextLoader$1 - Closing SubContext (BuildAgentUpgrade): startup date [Tue Jan 15 12:04:48 GMT 2019]; parent: WebApplicationContext for namespace 'buildServer-servlet'
[2019-01-15 12:09:01,062]   INFO -  jetbrains.buildServer.STARTUP - The main servlet destroyed
[2019-01-15 12:09:01,065]   INFO - ide.db.TeamCityDatabaseManager - Performing shutdown on HSQL database...
[2019-01-15 12:09:01,549]   INFO - ide.db.TeamCityDatabaseManager - HSQL database shutdown performed successfully.
[2019-01-15 12:09:01,552]   INFO -  jetbrains.buildServer.STARTUP - Version file lock was released: /opt/teamcity/webapps/ROOT/BUILD_61078
[2019-01-15 12:09:01,552]   INFO -  jetbrains.buildServer.STARTUP - Server shutdown complete
