/*C2*/SET SCHEMA PUBLIC
set database SQL regular names false
set database SQL syntax ora true
set database transaction control MVLocks
DISCONNECT
/*C4*/SET SCHEMA PUBLIC
DISCONNECT
/*C5*/SET SCHEMA PUBLIC
INSERT INTO NODE_EVENTS VALUES(11,'agentUnregistered',NULL,NULL,NULL,'MAIN_SERVER','2019-01-15 12:19:31.974000')
COMMIT
DELETE FROM NODE_TASKS WHERE ID=2
INSERT INTO NODE_TASKS VALUES(2,'periodicalCheckingForChanges','periodicalCheckingForChanges',NULL,NULL,NULL,'MAIN_SERVER','MAIN_SERVER',1,'2019-01-15 12:05:25.182000',NULL)
COMMIT
INSERT INTO NODE_TASKS VALUES(3,'periodicalCheckingForChanges','periodicalCheckingForChanges',NULL,NULL,NULL,'MAIN_SERVER',NULL,0,'2019-01-15 12:20:06.862000',NULL)
COMMIT
INSERT INTO NODE_EVENTS VALUES(12,'projectConfigChanged',NULL,1,'_Root','MAIN_SERVER','2019-01-15 12:20:06.930000')
COMMIT
INSERT INTO AGENT VALUES(2,'teamcitysetupcode_agent_1-1','172.26.0.3',9090,0,1,0,0,1547554814645,1547554814645,NULL,'',NULL,NULL)
COMMIT
DELETE FROM AGENT WHERE ID=2
INSERT INTO AGENT VALUES(2,'teamcitysetupcode_agent_1-1','172.26.0.3',9090,0,1,0,0,1547554814645,1547554814645,NULL,'69da8429b46716018af51ed5ce2e72f0',NULL,NULL)
COMMIT
INSERT INTO AGENT_TYPE VALUES(2,0,'A','A','real-2',1)
COMMIT
DELETE FROM AGENT WHERE ID=2
INSERT INTO AGENT VALUES(2,'teamcitysetupcode_agent_1-1','172.26.0.3',9090,2,1,0,0,1547554814645,1547554814645,NULL,'69da8429b46716018af51ed5ce2e72f0',NULL,NULL)
COMMIT
DELETE FROM AGENT WHERE ID=2
INSERT INTO AGENT VALUES(2,'teamcitysetupcode_agent_1-1','172.26.0.3',9090,2,1,0,1,1547554814645,1547554814645,NULL,'69da8429b46716018af51ed5ce2e72f0',NULL,NULL)
COMMIT
DELETE FROM AGENT WHERE ID=2
INSERT INTO AGENT VALUES(2,'teamcitysetupcode_agent_1-1','172.26.0.3',9090,2,1,0,1,1547554814645,1547554814753,NULL,'69da8429b46716018af51ed5ce2e72f0',NULL,NULL)
COMMIT
INSERT INTO NODE_EVENTS VALUES(13,'agentUpdated',2,NULL,'60925:61078:NA:61078-md5-229430a4afa3bfc99a27fac3c806c917','MAIN_SERVER','2019-01-15 12:20:14.767000')
COMMIT
/*C6*/SET SCHEMA PUBLIC
INSERT INTO NODE_EVENTS VALUES(14,'agentRegistered',2,NULL,'60925:61078:NA:61078-md5-229430a4afa3bfc99a27fac3c806c917','MAIN_SERVER','2019-01-15 12:20:14.876000')
COMMIT
DELETE FROM AGENT WHERE ID=2
INSERT INTO AGENT VALUES(2,'teamcitysetupcode_agent_1-1','172.26.0.3',9090,2,1,0,1,1547554814645,1547554815791,NULL,'69da8429b46716018af51ed5ce2e72f0',NULL,NULL)
COMMIT
DELETE FROM AGENT WHERE ID=2
INSERT INTO AGENT VALUES(2,'teamcitysetupcode_agent_1-1','172.26.0.3',9090,2,1,0,0,1547554814645,1547554815791,'Agent has unregistered (will upgrade)','69da8429b46716018af51ed5ce2e72f0',NULL,NULL)
COMMIT
INSERT INTO NODE_EVENTS VALUES(15,'agentUnregistered',2,NULL,NULL,'MAIN_SERVER','2019-01-15 12:20:15.820000')
COMMIT
INSERT INTO SERVER_STATISTICS VALUES(1,0,1547554866864)
COMMIT
INSERT INTO SERVER_STATISTICS VALUES(3,3,1547554866864)
COMMIT
INSERT INTO SERVER_STATISTICS VALUES(2,0,1547554866864)
COMMIT
DELETE FROM AGENT WHERE ID=2
INSERT INTO AGENT VALUES(2,'teamcitysetupcode_agent_1-1','172.26.0.3',9090,2,1,0,0,1547554814645,1547554815791,'Agent has unregistered (will upgrade)','69da8429b46716018af51ed5ce2e72f0',NULL,NULL)
COMMIT
DELETE FROM AGENT WHERE ID=2
INSERT INTO AGENT VALUES(2,'teamcitysetupcode_agent_1-1','172.26.0.3',9090,2,1,0,0,1547554814645,1547554815791,'Agent has unregistered (will upgrade)','69da8429b46716018af51ed5ce2e72f0',NULL,NULL)
COMMIT
DELETE FROM AGENT WHERE ID=2
INSERT INTO AGENT VALUES(2,'teamcitysetupcode_agent_1-1','172.26.0.3',9090,2,1,0,0,1547554814645,1547554815791,'Agent has unregistered (will upgrade)','69da8429b46716018af51ed5ce2e72f0',NULL,NULL)
COMMIT
INSERT INTO AGENT_TYPE_INFO VALUES(2,'Linux, version 4.9.125-linuxkit',537,'2019-01-15 12:21:27.833000','2019-01-15 12:21:27.833000')
INSERT INTO AGENT_TYPE_RUNNER VALUES(2,'ssh-exec-runner')
INSERT INTO AGENT_TYPE_RUNNER VALUES(2,'dotnet.cli')
INSERT INTO AGENT_TYPE_RUNNER VALUES(2,'smb-deploy-runner')
INSERT INTO AGENT_TYPE_RUNNER VALUES(2,'SBT')
INSERT INTO AGENT_TYPE_RUNNER VALUES(2,'Ant')
INSERT INTO AGENT_TYPE_RUNNER VALUES(2,'Duplicator')
INSERT INTO AGENT_TYPE_RUNNER VALUES(2,'cargo-deploy-runner')
INSERT INTO AGENT_TYPE_RUNNER VALUES(2,'Inspection')
INSERT INTO AGENT_TYPE_RUNNER VALUES(2,'JPS')
INSERT INTO AGENT_TYPE_RUNNER VALUES(2,'DockerCompose')
INSERT INTO AGENT_TYPE_RUNNER VALUES(2,'ssh-deploy-runner')
INSERT INTO AGENT_TYPE_RUNNER VALUES(2,'gradle-runner')
INSERT INTO AGENT_TYPE_RUNNER VALUES(2,'simpleRunner')
INSERT INTO AGENT_TYPE_RUNNER VALUES(2,'Maven2')
INSERT INTO AGENT_TYPE_RUNNER VALUES(2,'jetbrains_powershell')
INSERT INTO AGENT_TYPE_RUNNER VALUES(2,'rake-runner')
INSERT INTO AGENT_TYPE_RUNNER VALUES(2,'DockerCommand')
INSERT INTO AGENT_TYPE_RUNNER VALUES(2,'ftp-deploy-runner')
INSERT INTO AGENT_TYPE_VCS VALUES(2,'tfs')
INSERT INTO AGENT_TYPE_VCS VALUES(2,'cvs')
INSERT INTO AGENT_TYPE_VCS VALUES(2,'jetbrains.git')
INSERT INTO AGENT_TYPE_VCS VALUES(2,'mercurial')
INSERT INTO AGENT_TYPE_VCS VALUES(2,'svn')
INSERT INTO AGENT_TYPE_VCS VALUES(2,'perforce')
INSERT INTO AGENT_TYPE_PARAM VALUES(2,'B','env.PWD','/opt/buildagent/bin')
INSERT INTO AGENT_TYPE_PARAM VALUES(2,'B','env.NUGET_XMLDOC_MODE','skip')
INSERT INTO AGENT_TYPE_PARAM VALUES(2,'B','env.JDK_18','/opt/java/openjdk')
INSERT INTO AGENT_TYPE_PARAM VALUES(2,'B','env.HOME','/root')
INSERT INTO AGENT_TYPE_PARAM VALUES(2,'B','env.PATH','/opt/java/openjdk/bin:/usr/local/sbin:/usr/local/bin:/usr/sbin:/usr/bin:/sbin:/bin')
INSERT INTO AGENT_TYPE_PARAM VALUES(2,'B','env.TEAMCITY_CAPTURE_ENV','"/opt/java/openjdk/jre/bin/java" -jar "/opt/buildagent/plugins/environment-fetcher/bin/env-fetcher.jar"')
INSERT INTO AGENT_TYPE_PARAM VALUES(2,'B','system.agent.work.dir','/opt/buildagent/work')
INSERT INTO AGENT_TYPE_PARAM VALUES(2,'B','env.CONFIG_FILE','/data/teamcity_agent/conf/buildAgent.properties')
INSERT INTO AGENT_TYPE_PARAM VALUES(2,'B','env.ASPNETCORE_URLS','http://+:80')
INSERT INTO AGENT_TYPE_PARAM VALUES(2,'B','env.GIT_SSH_VARIANT','ssh')
INSERT INTO AGENT_TYPE_PARAM VALUES(2,'B','env.JDK_18_x64','/opt/java/openjdk')
INSERT INTO AGENT_TYPE_PARAM VALUES(2,'B','env.SERVER_URL','http://server:8111')
INSERT INTO AGENT_TYPE_PARAM VALUES(2,'B','env.HOSTNAME','53b7f1f4b416')
INSERT INTO AGENT_TYPE_PARAM VALUES(2,'B','env.JAVA_VERSION','jdk8u192-b12')
INSERT INTO AGENT_TYPE_PARAM VALUES(2,'B','env._','/opt/buildagent/bin/agent.sh')
INSERT INTO AGENT_TYPE_PARAM VALUES(2,'B','env.SHLVL','1')
INSERT INTO AGENT_TYPE_PARAM VALUES(2,'B','env.DOTNET_SDK_VERSION','2.1.500')
INSERT INTO AGENT_TYPE_PARAM VALUES(2,'B','system.teamcity.build.tempDir','/opt/buildagent/temp/buildTmp')
INSERT INTO AGENT_TYPE_PARAM VALUES(2,'B','env.DOTNET_CLI_TELEMETRY_OPTOUT','true')
INSERT INTO AGENT_TYPE_PARAM VALUES(2,'B','env.DOTNET_SKIP_FIRST_TIME_EXPERIENCE','true')
INSERT INTO AGENT_TYPE_PARAM VALUES(2,'B','system.teamcity.agent.cpuBenchmark','537')
INSERT INTO AGENT_TYPE_PARAM VALUES(2,'B','env.DOTNET_RUNNING_IN_CONTAINER','true')
INSERT INTO AGENT_TYPE_PARAM VALUES(2,'B','env.JAVA_HOME','/opt/java/openjdk')
INSERT INTO AGENT_TYPE_PARAM VALUES(2,'B','system.agent.home.dir','/opt/buildagent')
INSERT INTO AGENT_TYPE_PARAM VALUES(2,'B','env.JRE_HOME','/opt/java/openjdk')
INSERT INTO AGENT_TYPE_PARAM VALUES(2,'B','env.TEAMCITY_GIT_PATH','/usr/bin/git')
INSERT INTO AGENT_TYPE_PARAM VALUES(2,'B','env.DOTNET_USE_POLLING_FILE_WATCHER','true')
INSERT INTO AGENT_TYPE_PARAM VALUES(2,'B','env.JAVA_TOOL_OPTIONS','-XX:+UnlockExperimentalVMOptions -XX:+UseCGroupMemoryLimitForHeap')
INSERT INTO AGENT_TYPE_PARAM VALUES(2,'B','env.JDK_HOME','/opt/java/openjdk')
INSERT INTO AGENT_TYPE_PARAM VALUES(2,'B','env.OLDPWD','/opt/buildagent/bin')
INSERT INTO AGENT_TYPE_PARAM VALUES(2,'B','system.agent.name','teamcitysetupcode_agent_1-1')
INSERT INTO AGENT_TYPE_PARAM VALUES(2,'C','teamcity.tool.maven3','/opt/buildagent/tools/maven3')
INSERT INTO AGENT_TYPE_PARAM VALUES(2,'C','teamcity.agent.os.arch.bits','64')
INSERT INTO AGENT_TYPE_PARAM VALUES(2,'C','teamcity.agent.work.dir','/opt/buildagent/work')
INSERT INTO AGENT_TYPE_PARAM VALUES(2,'C','teamcity.tool.TeamCity.Dotnet.Integration.1.0.5','/opt/buildagent/plugins/dotnet.cli/tools/TeamCity.Dotnet.Integration.1.0.5')
INSERT INTO AGENT_TYPE_PARAM VALUES(2,'C','teamcity.tool.gant','/opt/buildagent/tools/gant')
INSERT INTO AGENT_TYPE_PARAM VALUES(2,'C','teamcity.hg.version','4.5.3')
INSERT INTO AGENT_TYPE_PARAM VALUES(2,'C','teamcity.agent.jvm.file.separator','/')
INSERT INTO AGENT_TYPE_PARAM VALUES(2,'C','teamcity.agent.jvm.user.name','root')
INSERT INTO AGENT_TYPE_PARAM VALUES(2,'C','docker.version','18.06.1')
INSERT INTO AGENT_TYPE_PARAM VALUES(2,'C','teamcity.dotCover.home','/opt/buildagent/tools/JetBrains.dotCover.CommandLineTools.bundled')
INSERT INTO AGENT_TYPE_PARAM VALUES(2,'C','teamcity.agent.jvm.os.name','Linux')
INSERT INTO AGENT_TYPE_PARAM VALUES(2,'C','teamcity.agent.hostname','53b7f1f4b416')
INSERT INTO AGENT_TYPE_PARAM VALUES(2,'C','teamcity.agent.ownPort','9090')
INSERT INTO AGENT_TYPE_PARAM VALUES(2,'C','teamcity.agent.jvm.os.arch','amd64')
INSERT INTO AGENT_TYPE_PARAM VALUES(2,'C','teamcity.tool.TeamCity.Dotnet.Integration.BUNDLED','/opt/buildagent/plugins/dotnet.cli/tools/TeamCity.Dotnet.Integration.1.0.5')
INSERT INTO AGENT_TYPE_PARAM VALUES(2,'C','teamcity.agent.launcher.version','61078')
INSERT INTO AGENT_TYPE_PARAM VALUES(2,'C','teamcity.agent.tools.dir','/opt/buildagent/tools')
INSERT INTO AGENT_TYPE_PARAM VALUES(2,'C','teamcity.tool.jacoco.0.8.2','/opt/buildagent/tools/jacoco.0.8.2')
INSERT INTO AGENT_TYPE_PARAM VALUES(2,'C','teamcity.tool.jetbrains.resharper-clt.bundled','/opt/buildagent/tools/jetbrains.resharper-clt.bundled')
INSERT INTO AGENT_TYPE_PARAM VALUES(2,'C','teamcity.tool.maven3_5','/opt/buildagent/tools/maven3_5')
INSERT INTO AGENT_TYPE_PARAM VALUES(2,'C','teamcity.tool.idea-runner-runtime-libs','/opt/buildagent/plugins/idea-runner-runtime-libs')
INSERT INTO AGENT_TYPE_PARAM VALUES(2,'C','teamcity.agent.jvm.java.home','/opt/java/openjdk/jre')
INSERT INTO AGENT_TYPE_PARAM VALUES(2,'C','teamcity.tool.maven3_3','/opt/buildagent/tools/maven3_3')
INSERT INTO AGENT_TYPE_PARAM VALUES(2,'C','teamcity.tool.maven3_2','/opt/buildagent/tools/maven3_2')
INSERT INTO AGENT_TYPE_PARAM VALUES(2,'C','DotNetCoreSDK2.1_Path','/usr/share/dotnet/sdk/2.1.500')
INSERT INTO AGENT_TYPE_PARAM VALUES(2,'C','teamcity.agent.hardware.memorySizeMb','1998')
INSERT INTO AGENT_TYPE_PARAM VALUES(2,'C','teamcity.tool.maven3_1','/opt/buildagent/tools/maven3_1')
INSERT INTO AGENT_TYPE_PARAM VALUES(2,'C','teamcity.agent.jvm.path.separator',':')
INSERT INTO AGENT_TYPE_PARAM VALUES(2,'C','teamcity.tool.ant-net-tasks','/opt/buildagent/tools/ant-net-tasks')
INSERT INTO AGENT_TYPE_PARAM VALUES(2,'C','teamcity.agent.hardware.cpuCount','6')
INSERT INTO AGENT_TYPE_PARAM VALUES(2,'C','teamcity.agent.jvm.user.home','/root')
INSERT INTO AGENT_TYPE_PARAM VALUES(2,'C','teamcity.hg.agent.path','hg')
INSERT INTO AGENT_TYPE_PARAM VALUES(2,'C','DotNetCLI_Path','/usr/bin/dotnet')
INSERT INTO AGENT_TYPE_PARAM VALUES(2,'C','teamcity.tool.maven','/opt/buildagent/tools/maven')
INSERT INTO AGENT_TYPE_PARAM VALUES(2,'C','teamcity.agent.work.dir.freeSpaceMb','35577')
INSERT INTO AGENT_TYPE_PARAM VALUES(2,'C','teamcity.agent.jvm.file.encoding','ANSI_X3.4-1968')
INSERT INTO AGENT_TYPE_PARAM VALUES(2,'C','DotNetCLI','2.1.500')
INSERT INTO AGENT_TYPE_PARAM VALUES(2,'C','teamcity.tool.TeamCity.Dotnet.Integration.DEFAULT','/opt/buildagent/plugins/dotnet.cli/tools/TeamCity.Dotnet.Integration.1.0.5')
INSERT INTO AGENT_TYPE_PARAM VALUES(2,'C','teamcity.serverUrl','http://server:8111')
INSERT INTO AGENT_TYPE_PARAM VALUES(2,'C','dockerCompose.version','1.23.2')
INSERT INTO AGENT_TYPE_PARAM VALUES(2,'C','teamcity.agent.jvm.user.timezone','GMT')
INSERT INTO AGENT_TYPE_PARAM VALUES(2,'C','teamcity.tool.dotCover','/opt/buildagent/tools/JetBrains.dotCover.CommandLineTools.bundled')
INSERT INTO AGENT_TYPE_PARAM VALUES(2,'C','teamcity.agent.jvm.specification','1.8')
INSERT INTO AGENT_TYPE_PARAM VALUES(2,'C','teamcity.agent.home.dir','/opt/buildagent')
INSERT INTO AGENT_TYPE_PARAM VALUES(2,'C','teamcity.agent.jvm.os.version','4.9.125-linuxkit')
INSERT INTO AGENT_TYPE_PARAM VALUES(2,'C','teamcity.agent.jvm.version','1.8.0_192')
INSERT INTO AGENT_TYPE_PARAM VALUES(2,'C','teamcity.tool.jps','/opt/buildagent/tools/jps')
INSERT INTO AGENT_TYPE_PARAM VALUES(2,'C','teamcity.agent.jvm.user.language','en')
INSERT INTO AGENT_TYPE_PARAM VALUES(2,'C','teamcity.agent.jvm.user.country','US')
INSERT INTO AGENT_TYPE_PARAM VALUES(2,'C','teamcity.agent.name','teamcitysetupcode_agent_1-1')
INSERT INTO AGENT_TYPE_PARAM VALUES(2,'C','DotNetCoreSDK2.1.500_Path','/usr/share/dotnet/sdk/2.1.500')
INSERT INTO AGENT_TYPE_PARAM VALUES(2,'C','teamcity.tool.JetBrains.dotCover.CommandLineTools.bundled','/opt/buildagent/tools/JetBrains.dotCover.CommandLineTools.bundled')
INSERT INTO AGENT_TYPE_PARAM VALUES(2,'C','teamcity.tool.jacoco.0.7.5','/opt/buildagent/tools/jacoco.0.7.5')
INSERT INTO AGENT_TYPE_PARAM VALUES(2,'C','teamcity.tool.idea','/opt/buildagent/tools/idea')
COMMIT
INSERT INTO NODE_EVENTS VALUES(16,'agentDescriptionUpdated',2,2,NULL,'MAIN_SERVER','2019-01-15 12:21:27.961000')
COMMIT
/*C5*/DELETE FROM AGENT WHERE ID=2
INSERT INTO AGENT VALUES(2,'teamcitysetupcode_agent_1-1','172.26.0.3',9090,2,1,0,1,1547554887819,1547554815791,NULL,'69da8429b46716018af51ed5ce2e72f0',NULL,NULL)
COMMIT
DELETE FROM AGENT WHERE ID=2
INSERT INTO AGENT VALUES(2,'teamcitysetupcode_agent_1-1','172.26.0.3',9090,2,1,0,1,1547554887819,1547554887964,NULL,'69da8429b46716018af51ed5ce2e72f0',NULL,NULL)
COMMIT
INSERT INTO NODE_EVENTS VALUES(17,'agentUpdated',2,NULL,'61078:61078:61078-md5-229430a4afa3bfc99a27fac3c806c917:61078-md5-229430a4afa3bfc99a27fac3c806c917','MAIN_SERVER','2019-01-15 12:21:27.966000')
COMMIT
/*C6*/INSERT INTO NODE_EVENTS VALUES(18,'agentRegistered',2,NULL,'61078:61078:61078-md5-229430a4afa3bfc99a27fac3c806c917:61078-md5-229430a4afa3bfc99a27fac3c806c917','MAIN_SERVER','2019-01-15 12:21:27.981000')
COMMIT
DELETE FROM AGENT_TYPE_INFO WHERE AGENT_TYPE_ID=2
INSERT INTO AGENT_TYPE_INFO VALUES(2,'Linux, version 4.9.125-linuxkit',537,'2019-01-15 12:21:30.062000','2019-01-15 12:21:30.062000')
DELETE FROM AGENT_TYPE_PARAM WHERE AGENT_TYPE_ID=2 AND PARAM_KIND='B' AND PARAM_NAME='env.ASPNETCORE_URLS'
DELETE FROM AGENT_TYPE_PARAM WHERE AGENT_TYPE_ID=2 AND PARAM_KIND='B' AND PARAM_NAME='env.CONFIG_FILE'
DELETE FROM AGENT_TYPE_PARAM WHERE AGENT_TYPE_ID=2 AND PARAM_KIND='B' AND PARAM_NAME='env.DOTNET_CLI_TELEMETRY_OPTOUT'
DELETE FROM AGENT_TYPE_PARAM WHERE AGENT_TYPE_ID=2 AND PARAM_KIND='B' AND PARAM_NAME='env.DOTNET_RUNNING_IN_CONTAINER'
DELETE FROM AGENT_TYPE_PARAM WHERE AGENT_TYPE_ID=2 AND PARAM_KIND='B' AND PARAM_NAME='env.DOTNET_SDK_VERSION'
DELETE FROM AGENT_TYPE_PARAM WHERE AGENT_TYPE_ID=2 AND PARAM_KIND='B' AND PARAM_NAME='env.DOTNET_SKIP_FIRST_TIME_EXPERIENCE'
DELETE FROM AGENT_TYPE_PARAM WHERE AGENT_TYPE_ID=2 AND PARAM_KIND='B' AND PARAM_NAME='env.DOTNET_USE_POLLING_FILE_WATCHER'
DELETE FROM AGENT_TYPE_PARAM WHERE AGENT_TYPE_ID=2 AND PARAM_KIND='B' AND PARAM_NAME='env.GIT_SSH_VARIANT'
DELETE FROM AGENT_TYPE_PARAM WHERE AGENT_TYPE_ID=2 AND PARAM_KIND='B' AND PARAM_NAME='env.HOME'
DELETE FROM AGENT_TYPE_PARAM WHERE AGENT_TYPE_ID=2 AND PARAM_KIND='B' AND PARAM_NAME='env.HOSTNAME'
DELETE FROM AGENT_TYPE_PARAM WHERE AGENT_TYPE_ID=2 AND PARAM_KIND='B' AND PARAM_NAME='env.JAVA_HOME'
DELETE FROM AGENT_TYPE_PARAM WHERE AGENT_TYPE_ID=2 AND PARAM_KIND='B' AND PARAM_NAME='env.JAVA_TOOL_OPTIONS'
DELETE FROM AGENT_TYPE_PARAM WHERE AGENT_TYPE_ID=2 AND PARAM_KIND='B' AND PARAM_NAME='env.JAVA_VERSION'
DELETE FROM AGENT_TYPE_PARAM WHERE AGENT_TYPE_ID=2 AND PARAM_KIND='B' AND PARAM_NAME='env.JDK_18'
DELETE FROM AGENT_TYPE_PARAM WHERE AGENT_TYPE_ID=2 AND PARAM_KIND='B' AND PARAM_NAME='env.JDK_18_x64'
DELETE FROM AGENT_TYPE_PARAM WHERE AGENT_TYPE_ID=2 AND PARAM_KIND='B' AND PARAM_NAME='env.JDK_HOME'
DELETE FROM AGENT_TYPE_PARAM WHERE AGENT_TYPE_ID=2 AND PARAM_KIND='B' AND PARAM_NAME='env.JRE_HOME'
DELETE FROM AGENT_TYPE_PARAM WHERE AGENT_TYPE_ID=2 AND PARAM_KIND='B' AND PARAM_NAME='env.NUGET_XMLDOC_MODE'
DELETE FROM AGENT_TYPE_PARAM WHERE AGENT_TYPE_ID=2 AND PARAM_KIND='B' AND PARAM_NAME='env.OLDPWD'
DELETE FROM AGENT_TYPE_PARAM WHERE AGENT_TYPE_ID=2 AND PARAM_KIND='B' AND PARAM_NAME='env.PATH'
DELETE FROM AGENT_TYPE_PARAM WHERE AGENT_TYPE_ID=2 AND PARAM_KIND='B' AND PARAM_NAME='env.PWD'
DELETE FROM AGENT_TYPE_PARAM WHERE AGENT_TYPE_ID=2 AND PARAM_KIND='B' AND PARAM_NAME='env.SERVER_URL'
DELETE FROM AGENT_TYPE_PARAM WHERE AGENT_TYPE_ID=2 AND PARAM_KIND='B' AND PARAM_NAME='env.SHLVL'
DELETE FROM AGENT_TYPE_PARAM WHERE AGENT_TYPE_ID=2 AND PARAM_KIND='B' AND PARAM_NAME='env.TEAMCITY_CAPTURE_ENV'
DELETE FROM AGENT_TYPE_PARAM WHERE AGENT_TYPE_ID=2 AND PARAM_KIND='B' AND PARAM_NAME='env.TEAMCITY_GIT_PATH'
DELETE FROM AGENT_TYPE_PARAM WHERE AGENT_TYPE_ID=2 AND PARAM_KIND='B' AND PARAM_NAME='env._'
DELETE FROM AGENT_TYPE_PARAM WHERE AGENT_TYPE_ID=2 AND PARAM_KIND='B' AND PARAM_NAME='system.agent.home.dir'
DELETE FROM AGENT_TYPE_PARAM WHERE AGENT_TYPE_ID=2 AND PARAM_KIND='B' AND PARAM_NAME='system.agent.name'
DELETE FROM AGENT_TYPE_PARAM WHERE AGENT_TYPE_ID=2 AND PARAM_KIND='B' AND PARAM_NAME='system.agent.work.dir'
DELETE FROM AGENT_TYPE_PARAM WHERE AGENT_TYPE_ID=2 AND PARAM_KIND='B' AND PARAM_NAME='system.teamcity.agent.cpuBenchmark'
DELETE FROM AGENT_TYPE_PARAM WHERE AGENT_TYPE_ID=2 AND PARAM_KIND='B' AND PARAM_NAME='system.teamcity.build.tempDir'
DELETE FROM AGENT_TYPE_PARAM WHERE AGENT_TYPE_ID=2 AND PARAM_KIND='C' AND PARAM_NAME='DotNetCLI'
DELETE FROM AGENT_TYPE_PARAM WHERE AGENT_TYPE_ID=2 AND PARAM_KIND='C' AND PARAM_NAME='DotNetCLI_Path'
DELETE FROM AGENT_TYPE_PARAM WHERE AGENT_TYPE_ID=2 AND PARAM_KIND='C' AND PARAM_NAME='DotNetCoreSDK2.1.500_Path'
DELETE FROM AGENT_TYPE_PARAM WHERE AGENT_TYPE_ID=2 AND PARAM_KIND='C' AND PARAM_NAME='DotNetCoreSDK2.1_Path'
DELETE FROM AGENT_TYPE_PARAM WHERE AGENT_TYPE_ID=2 AND PARAM_KIND='C' AND PARAM_NAME='docker.version'
DELETE FROM AGENT_TYPE_PARAM WHERE AGENT_TYPE_ID=2 AND PARAM_KIND='C' AND PARAM_NAME='dockerCompose.version'
DELETE FROM AGENT_TYPE_PARAM WHERE AGENT_TYPE_ID=2 AND PARAM_KIND='C' AND PARAM_NAME='teamcity.agent.hardware.cpuCount'
DELETE FROM AGENT_TYPE_PARAM WHERE AGENT_TYPE_ID=2 AND PARAM_KIND='C' AND PARAM_NAME='teamcity.agent.hardware.memorySizeMb'
DELETE FROM AGENT_TYPE_PARAM WHERE AGENT_TYPE_ID=2 AND PARAM_KIND='C' AND PARAM_NAME='teamcity.agent.home.dir'
DELETE FROM AGENT_TYPE_PARAM WHERE AGENT_TYPE_ID=2 AND PARAM_KIND='C' AND PARAM_NAME='teamcity.agent.hostname'
DELETE FROM AGENT_TYPE_PARAM WHERE AGENT_TYPE_ID=2 AND PARAM_KIND='C' AND PARAM_NAME='teamcity.agent.jvm.file.encoding'
DELETE FROM AGENT_TYPE_PARAM WHERE AGENT_TYPE_ID=2 AND PARAM_KIND='C' AND PARAM_NAME='teamcity.agent.jvm.file.separator'
DELETE FROM AGENT_TYPE_PARAM WHERE AGENT_TYPE_ID=2 AND PARAM_KIND='C' AND PARAM_NAME='teamcity.agent.jvm.java.home'
DELETE FROM AGENT_TYPE_PARAM WHERE AGENT_TYPE_ID=2 AND PARAM_KIND='C' AND PARAM_NAME='teamcity.agent.jvm.os.arch'
DELETE FROM AGENT_TYPE_PARAM WHERE AGENT_TYPE_ID=2 AND PARAM_KIND='C' AND PARAM_NAME='teamcity.agent.jvm.os.name'
DELETE FROM AGENT_TYPE_PARAM WHERE AGENT_TYPE_ID=2 AND PARAM_KIND='C' AND PARAM_NAME='teamcity.agent.jvm.os.version'
DELETE FROM AGENT_TYPE_PARAM WHERE AGENT_TYPE_ID=2 AND PARAM_KIND='C' AND PARAM_NAME='teamcity.agent.jvm.path.separator'
DELETE FROM AGENT_TYPE_PARAM WHERE AGENT_TYPE_ID=2 AND PARAM_KIND='C' AND PARAM_NAME='teamcity.agent.jvm.specification'
DELETE FROM AGENT_TYPE_PARAM WHERE AGENT_TYPE_ID=2 AND PARAM_KIND='C' AND PARAM_NAME='teamcity.agent.jvm.user.country'
DELETE FROM AGENT_TYPE_PARAM WHERE AGENT_TYPE_ID=2 AND PARAM_KIND='C' AND PARAM_NAME='teamcity.agent.jvm.user.home'
DELETE FROM AGENT_TYPE_PARAM WHERE AGENT_TYPE_ID=2 AND PARAM_KIND='C' AND PARAM_NAME='teamcity.agent.jvm.user.language'
DELETE FROM AGENT_TYPE_PARAM WHERE AGENT_TYPE_ID=2 AND PARAM_KIND='C' AND PARAM_NAME='teamcity.agent.jvm.user.name'
DELETE FROM AGENT_TYPE_PARAM WHERE AGENT_TYPE_ID=2 AND PARAM_KIND='C' AND PARAM_NAME='teamcity.agent.jvm.user.timezone'
DELETE FROM AGENT_TYPE_PARAM WHERE AGENT_TYPE_ID=2 AND PARAM_KIND='C' AND PARAM_NAME='teamcity.agent.jvm.version'
DELETE FROM AGENT_TYPE_PARAM WHERE AGENT_TYPE_ID=2 AND PARAM_KIND='C' AND PARAM_NAME='teamcity.agent.launcher.version'
DELETE FROM AGENT_TYPE_PARAM WHERE AGENT_TYPE_ID=2 AND PARAM_KIND='C' AND PARAM_NAME='teamcity.agent.name'
DELETE FROM AGENT_TYPE_PARAM WHERE AGENT_TYPE_ID=2 AND PARAM_KIND='C' AND PARAM_NAME='teamcity.agent.os.arch.bits'
DELETE FROM AGENT_TYPE_PARAM WHERE AGENT_TYPE_ID=2 AND PARAM_KIND='C' AND PARAM_NAME='teamcity.agent.ownPort'
DELETE FROM AGENT_TYPE_PARAM WHERE AGENT_TYPE_ID=2 AND PARAM_KIND='C' AND PARAM_NAME='teamcity.agent.tools.dir'
DELETE FROM AGENT_TYPE_PARAM WHERE AGENT_TYPE_ID=2 AND PARAM_KIND='C' AND PARAM_NAME='teamcity.agent.work.dir'
DELETE FROM AGENT_TYPE_PARAM WHERE AGENT_TYPE_ID=2 AND PARAM_KIND='C' AND PARAM_NAME='teamcity.agent.work.dir.freeSpaceMb'
DELETE FROM AGENT_TYPE_PARAM WHERE AGENT_TYPE_ID=2 AND PARAM_KIND='C' AND PARAM_NAME='teamcity.dotCover.home'
DELETE FROM AGENT_TYPE_PARAM WHERE AGENT_TYPE_ID=2 AND PARAM_KIND='C' AND PARAM_NAME='teamcity.hg.agent.path'
DELETE FROM AGENT_TYPE_PARAM WHERE AGENT_TYPE_ID=2 AND PARAM_KIND='C' AND PARAM_NAME='teamcity.hg.version'
DELETE FROM AGENT_TYPE_PARAM WHERE AGENT_TYPE_ID=2 AND PARAM_KIND='C' AND PARAM_NAME='teamcity.serverUrl'
DELETE FROM AGENT_TYPE_PARAM WHERE AGENT_TYPE_ID=2 AND PARAM_KIND='C' AND PARAM_NAME='teamcity.tool.JetBrains.dotCover.CommandLineTools.bundled'
DELETE FROM AGENT_TYPE_PARAM WHERE AGENT_TYPE_ID=2 AND PARAM_KIND='C' AND PARAM_NAME='teamcity.tool.TeamCity.Dotnet.Integration.1.0.5'
DELETE FROM AGENT_TYPE_PARAM WHERE AGENT_TYPE_ID=2 AND PARAM_KIND='C' AND PARAM_NAME='teamcity.tool.TeamCity.Dotnet.Integration.BUNDLED'
DELETE FROM AGENT_TYPE_PARAM WHERE AGENT_TYPE_ID=2 AND PARAM_KIND='C' AND PARAM_NAME='teamcity.tool.TeamCity.Dotnet.Integration.DEFAULT'
DELETE FROM AGENT_TYPE_PARAM WHERE AGENT_TYPE_ID=2 AND PARAM_KIND='C' AND PARAM_NAME='teamcity.tool.ant-net-tasks'
DELETE FROM AGENT_TYPE_PARAM WHERE AGENT_TYPE_ID=2 AND PARAM_KIND='C' AND PARAM_NAME='teamcity.tool.dotCover'
DELETE FROM AGENT_TYPE_PARAM WHERE AGENT_TYPE_ID=2 AND PARAM_KIND='C' AND PARAM_NAME='teamcity.tool.gant'
DELETE FROM AGENT_TYPE_PARAM WHERE AGENT_TYPE_ID=2 AND PARAM_KIND='C' AND PARAM_NAME='teamcity.tool.idea'
DELETE FROM AGENT_TYPE_PARAM WHERE AGENT_TYPE_ID=2 AND PARAM_KIND='C' AND PARAM_NAME='teamcity.tool.idea-runner-runtime-libs'
DELETE FROM AGENT_TYPE_PARAM WHERE AGENT_TYPE_ID=2 AND PARAM_KIND='C' AND PARAM_NAME='teamcity.tool.jacoco.0.7.5'
DELETE FROM AGENT_TYPE_PARAM WHERE AGENT_TYPE_ID=2 AND PARAM_KIND='C' AND PARAM_NAME='teamcity.tool.jacoco.0.8.2'
DELETE FROM AGENT_TYPE_PARAM WHERE AGENT_TYPE_ID=2 AND PARAM_KIND='C' AND PARAM_NAME='teamcity.tool.jetbrains.resharper-clt.bundled'
DELETE FROM AGENT_TYPE_PARAM WHERE AGENT_TYPE_ID=2 AND PARAM_KIND='C' AND PARAM_NAME='teamcity.tool.jps'
DELETE FROM AGENT_TYPE_PARAM WHERE AGENT_TYPE_ID=2 AND PARAM_KIND='C' AND PARAM_NAME='teamcity.tool.maven'
DELETE FROM AGENT_TYPE_PARAM WHERE AGENT_TYPE_ID=2 AND PARAM_KIND='C' AND PARAM_NAME='teamcity.tool.maven3'
DELETE FROM AGENT_TYPE_PARAM WHERE AGENT_TYPE_ID=2 AND PARAM_KIND='C' AND PARAM_NAME='teamcity.tool.maven3_1'
DELETE FROM AGENT_TYPE_PARAM WHERE AGENT_TYPE_ID=2 AND PARAM_KIND='C' AND PARAM_NAME='teamcity.tool.maven3_2'
DELETE FROM AGENT_TYPE_PARAM WHERE AGENT_TYPE_ID=2 AND PARAM_KIND='C' AND PARAM_NAME='teamcity.tool.maven3_3'
DELETE FROM AGENT_TYPE_PARAM WHERE AGENT_TYPE_ID=2 AND PARAM_KIND='C' AND PARAM_NAME='teamcity.tool.maven3_5'
INSERT INTO AGENT_TYPE_PARAM VALUES(2,'B','env.PWD','/opt/buildagent/bin')
INSERT INTO AGENT_TYPE_PARAM VALUES(2,'B','env.NUGET_XMLDOC_MODE','skip')
INSERT INTO AGENT_TYPE_PARAM VALUES(2,'B','env.JDK_18','/opt/java/openjdk')
INSERT INTO AGENT_TYPE_PARAM VALUES(2,'B','env.HOME','/root')
INSERT INTO AGENT_TYPE_PARAM VALUES(2,'B','env.PATH','/opt/java/openjdk/bin:/usr/local/sbin:/usr/local/bin:/usr/sbin:/usr/bin:/sbin:/bin')
INSERT INTO AGENT_TYPE_PARAM VALUES(2,'B','env.TEAMCITY_CAPTURE_ENV','"/opt/java/openjdk/jre/bin/java" -jar "/opt/buildagent/plugins/environment-fetcher/bin/env-fetcher.jar"')
INSERT INTO AGENT_TYPE_PARAM VALUES(2,'B','system.agent.work.dir','/opt/buildagent/work')
INSERT INTO AGENT_TYPE_PARAM VALUES(2,'B','env.CONFIG_FILE','/data/teamcity_agent/conf/buildAgent.properties')
INSERT INTO AGENT_TYPE_PARAM VALUES(2,'B','env.ASPNETCORE_URLS','http://+:80')
INSERT INTO AGENT_TYPE_PARAM VALUES(2,'B','env.GIT_SSH_VARIANT','ssh')
INSERT INTO AGENT_TYPE_PARAM VALUES(2,'B','env.JDK_18_x64','/opt/java/openjdk')
INSERT INTO AGENT_TYPE_PARAM VALUES(2,'B','env.SERVER_URL','http://server:8111')
INSERT INTO AGENT_TYPE_PARAM VALUES(2,'B','env.HOSTNAME','53b7f1f4b416')
INSERT INTO AGENT_TYPE_PARAM VALUES(2,'B','env.JAVA_VERSION','jdk8u192-b12')
INSERT INTO AGENT_TYPE_PARAM VALUES(2,'B','env._','/opt/buildagent/bin/agent.sh')
INSERT INTO AGENT_TYPE_PARAM VALUES(2,'B','env.SHLVL','1')
INSERT INTO AGENT_TYPE_PARAM VALUES(2,'B','env.DOTNET_SDK_VERSION','2.1.500')
INSERT INTO AGENT_TYPE_PARAM VALUES(2,'B','system.teamcity.build.tempDir','/opt/buildagent/temp/buildTmp')
INSERT INTO AGENT_TYPE_PARAM VALUES(2,'B','env.DOTNET_CLI_TELEMETRY_OPTOUT','true')
INSERT INTO AGENT_TYPE_PARAM VALUES(2,'B','env.DOTNET_SKIP_FIRST_TIME_EXPERIENCE','true')
INSERT INTO AGENT_TYPE_PARAM VALUES(2,'B','system.teamcity.agent.cpuBenchmark','537')
INSERT INTO AGENT_TYPE_PARAM VALUES(2,'B','env.DOTNET_RUNNING_IN_CONTAINER','true')
INSERT INTO AGENT_TYPE_PARAM VALUES(2,'B','env.JAVA_HOME','/opt/java/openjdk')
INSERT INTO AGENT_TYPE_PARAM VALUES(2,'B','system.agent.home.dir','/opt/buildagent')
INSERT INTO AGENT_TYPE_PARAM VALUES(2,'B','env.JRE_HOME','/opt/java/openjdk')
INSERT INTO AGENT_TYPE_PARAM VALUES(2,'B','env.TEAMCITY_GIT_PATH','/usr/bin/git')
INSERT INTO AGENT_TYPE_PARAM VALUES(2,'B','env.DOTNET_USE_POLLING_FILE_WATCHER','true')
INSERT INTO AGENT_TYPE_PARAM VALUES(2,'B','env.JAVA_TOOL_OPTIONS','-XX:+UnlockExperimentalVMOptions -XX:+UseCGroupMemoryLimitForHeap')
INSERT INTO AGENT_TYPE_PARAM VALUES(2,'B','env.JDK_HOME','/opt/java/openjdk')
INSERT INTO AGENT_TYPE_PARAM VALUES(2,'B','env.OLDPWD','/opt/buildagent/bin')
INSERT INTO AGENT_TYPE_PARAM VALUES(2,'B','system.agent.name','teamcitysetupcode_agent_1-1')
INSERT INTO AGENT_TYPE_PARAM VALUES(2,'C','teamcity.tool.maven3','/opt/buildagent/tools/maven3')
INSERT INTO AGENT_TYPE_PARAM VALUES(2,'C','teamcity.agent.os.arch.bits','64')
INSERT INTO AGENT_TYPE_PARAM VALUES(2,'C','teamcity.agent.work.dir','/opt/buildagent/work')
INSERT INTO AGENT_TYPE_PARAM VALUES(2,'C','teamcity.tool.TeamCity.Dotnet.Integration.1.0.5','/opt/buildagent/plugins/dotnet.cli/tools/TeamCity.Dotnet.Integration.1.0.5')
INSERT INTO AGENT_TYPE_PARAM VALUES(2,'C','teamcity.tool.gant','/opt/buildagent/tools/gant')
INSERT INTO AGENT_TYPE_PARAM VALUES(2,'C','teamcity.hg.version','4.5.3')
INSERT INTO AGENT_TYPE_PARAM VALUES(2,'C','teamcity.agent.jvm.file.separator','/')
INSERT INTO AGENT_TYPE_PARAM VALUES(2,'C','teamcity.agent.jvm.user.name','root')
INSERT INTO AGENT_TYPE_PARAM VALUES(2,'C','docker.version','18.06.1')
INSERT INTO AGENT_TYPE_PARAM VALUES(2,'C','teamcity.dotCover.home','/opt/buildagent/tools/JetBrains.dotCover.CommandLineTools.bundled')
INSERT INTO AGENT_TYPE_PARAM VALUES(2,'C','teamcity.agent.jvm.os.name','Linux')
INSERT INTO AGENT_TYPE_PARAM VALUES(2,'C','teamcity.agent.hostname','53b7f1f4b416')
INSERT INTO AGENT_TYPE_PARAM VALUES(2,'C','teamcity.agent.ownPort','9090')
INSERT INTO AGENT_TYPE_PARAM VALUES(2,'C','teamcity.agent.jvm.os.arch','amd64')
INSERT INTO AGENT_TYPE_PARAM VALUES(2,'C','teamcity.agent.protocol','polling')
INSERT INTO AGENT_TYPE_PARAM VALUES(2,'C','teamcity.tool.TeamCity.Dotnet.Integration.BUNDLED','/opt/buildagent/plugins/dotnet.cli/tools/TeamCity.Dotnet.Integration.1.0.5')
INSERT INTO AGENT_TYPE_PARAM VALUES(2,'C','teamcity.agent.launcher.version','61078')
INSERT INTO AGENT_TYPE_PARAM VALUES(2,'C','teamcity.agent.tools.dir','/opt/buildagent/tools')
INSERT INTO AGENT_TYPE_PARAM VALUES(2,'C','teamcity.tool.jacoco.0.8.2','/opt/buildagent/tools/jacoco.0.8.2')
INSERT INTO AGENT_TYPE_PARAM VALUES(2,'C','teamcity.tool.jetbrains.resharper-clt.bundled','/opt/buildagent/tools/jetbrains.resharper-clt.bundled')
INSERT INTO AGENT_TYPE_PARAM VALUES(2,'C','teamcity.tool.maven3_5','/opt/buildagent/tools/maven3_5')
INSERT INTO AGENT_TYPE_PARAM VALUES(2,'C','teamcity.tool.idea-runner-runtime-libs','/opt/buildagent/plugins/idea-runner-runtime-libs')
INSERT INTO AGENT_TYPE_PARAM VALUES(2,'C','teamcity.agent.jvm.java.home','/opt/java/openjdk/jre')
INSERT INTO AGENT_TYPE_PARAM VALUES(2,'C','teamcity.tool.maven3_3','/opt/buildagent/tools/maven3_3')
INSERT INTO AGENT_TYPE_PARAM VALUES(2,'C','teamcity.tool.maven3_2','/opt/buildagent/tools/maven3_2')
INSERT INTO AGENT_TYPE_PARAM VALUES(2,'C','DotNetCoreSDK2.1_Path','/usr/share/dotnet/sdk/2.1.500')
INSERT INTO AGENT_TYPE_PARAM VALUES(2,'C','teamcity.agent.hardware.memorySizeMb','1998')
INSERT INTO AGENT_TYPE_PARAM VALUES(2,'C','teamcity.tool.maven3_1','/opt/buildagent/tools/maven3_1')
INSERT INTO AGENT_TYPE_PARAM VALUES(2,'C','teamcity.agent.jvm.path.separator',':')
INSERT INTO AGENT_TYPE_PARAM VALUES(2,'C','teamcity.tool.ant-net-tasks','/opt/buildagent/tools/ant-net-tasks')
INSERT INTO AGENT_TYPE_PARAM VALUES(2,'C','teamcity.agent.hardware.cpuCount','6')
INSERT INTO AGENT_TYPE_PARAM VALUES(2,'C','teamcity.agent.jvm.user.home','/root')
INSERT INTO AGENT_TYPE_PARAM VALUES(2,'C','teamcity.hg.agent.path','hg')
INSERT INTO AGENT_TYPE_PARAM VALUES(2,'C','DotNetCLI_Path','/usr/bin/dotnet')
INSERT INTO AGENT_TYPE_PARAM VALUES(2,'C','teamcity.tool.maven','/opt/buildagent/tools/maven')
INSERT INTO AGENT_TYPE_PARAM VALUES(2,'C','teamcity.agent.work.dir.freeSpaceMb','35577')
INSERT INTO AGENT_TYPE_PARAM VALUES(2,'C','teamcity.agent.jvm.file.encoding','ANSI_X3.4-1968')
INSERT INTO AGENT_TYPE_PARAM VALUES(2,'C','DotNetCLI','2.1.500')
INSERT INTO AGENT_TYPE_PARAM VALUES(2,'C','teamcity.tool.TeamCity.Dotnet.Integration.DEFAULT','/opt/buildagent/plugins/dotnet.cli/tools/TeamCity.Dotnet.Integration.1.0.5')
INSERT INTO AGENT_TYPE_PARAM VALUES(2,'C','teamcity.serverUrl','http://server:8111')
INSERT INTO AGENT_TYPE_PARAM VALUES(2,'C','dockerCompose.version','1.23.2')
INSERT INTO AGENT_TYPE_PARAM VALUES(2,'C','teamcity.agent.jvm.user.timezone','GMT')
INSERT INTO AGENT_TYPE_PARAM VALUES(2,'C','teamcity.tool.dotCover','/opt/buildagent/tools/JetBrains.dotCover.CommandLineTools.bundled')
INSERT INTO AGENT_TYPE_PARAM VALUES(2,'C','teamcity.agent.jvm.specification','1.8')
INSERT INTO AGENT_TYPE_PARAM VALUES(2,'C','teamcity.agent.home.dir','/opt/buildagent')
INSERT INTO AGENT_TYPE_PARAM VALUES(2,'C','teamcity.agent.jvm.os.version','4.9.125-linuxkit')
INSERT INTO AGENT_TYPE_PARAM VALUES(2,'C','teamcity.agent.jvm.version','1.8.0_192')
INSERT INTO AGENT_TYPE_PARAM VALUES(2,'C','teamcity.tool.jps','/opt/buildagent/tools/jps')
INSERT INTO AGENT_TYPE_PARAM VALUES(2,'C','teamcity.agent.jvm.user.language','en')
INSERT INTO AGENT_TYPE_PARAM VALUES(2,'C','teamcity.agent.jvm.user.country','US')
INSERT INTO AGENT_TYPE_PARAM VALUES(2,'C','teamcity.agent.name','teamcitysetupcode_agent_1-1')
INSERT INTO AGENT_TYPE_PARAM VALUES(2,'C','DotNetCoreSDK2.1.500_Path','/usr/share/dotnet/sdk/2.1.500')
INSERT INTO AGENT_TYPE_PARAM VALUES(2,'C','teamcity.tool.JetBrains.dotCover.CommandLineTools.bundled','/opt/buildagent/tools/JetBrains.dotCover.CommandLineTools.bundled')
INSERT INTO AGENT_TYPE_PARAM VALUES(2,'C','teamcity.tool.jacoco.0.7.5','/opt/buildagent/tools/jacoco.0.7.5')
INSERT INTO AGENT_TYPE_PARAM VALUES(2,'C','teamcity.tool.idea','/opt/buildagent/tools/idea')
COMMIT
INSERT INTO NODE_EVENTS VALUES(19,'agentDescriptionUpdated',2,2,NULL,'MAIN_SERVER','2019-01-15 12:21:30.106000')
COMMIT
/*C5*/INSERT INTO SERVER_PROPERTY VALUES('LICENSE_AGREEMENT','true')
COMMIT
INSERT INTO USERS VALUES(1,'administrator',NULL,NULL,NULL,NULL)
COMMIT
INSERT INTO VCS_USERNAME VALUES(1,'anyVcs',-1,0,'Administrator')
COMMIT
INSERT INTO USER_PROPERTY VALUES(1,'teamcity.server.buildNumber','61078')
COMMIT
INSERT INTO NODE_EVENTS VALUES(20,'userModified',1,NULL,NULL,'MAIN_SERVER','2019-01-15 12:25:14.507000')
COMMIT
INSERT INTO COMMENTS VALUES(1,-42,1547555114517,'')
COMMIT
INSERT INTO ACTION_HISTORY VALUES('1',1,15,NULL)
COMMIT
INSERT INTO NODE_EVENTS VALUES(21,'userCreated',1,NULL,NULL,'MAIN_SERVER','2019-01-15 12:25:14.522000')
COMMIT
DELETE FROM USERS WHERE ID=1
INSERT INTO USERS VALUES(1,'administrator',NULL,'Admin','string',NULL)
COMMIT
INSERT INTO NODE_EVENTS VALUES(22,'userModified',1,NULL,NULL,'MAIN_SERVER','2019-01-15 12:25:14.525000')
COMMIT
DELETE FROM USERS WHERE ID=1
INSERT INTO USERS VALUES(1,'administrator','bGQE22yvWUWBCATa:25cc9e8a9dfa86fecef5ea59b9d8a111','Admin','string',NULL)
COMMIT
INSERT INTO NODE_EVENTS VALUES(23,'userModified',1,NULL,NULL,'MAIN_SERVER','2019-01-15 12:25:14.529000')
COMMIT
INSERT INTO USER_ROLES VALUES(1,'SYSTEM_ADMIN',NULL)
COMMIT
INSERT INTO COMMENTS VALUES(2,-42,1547555114540,'')
COMMIT
INSERT INTO AUDIT_ADDITIONAL_OBJECT VALUES(2,0,'SYSTEM_ADMIN','"System administrator"')
COMMIT
INSERT INTO AUDIT_ADDITIONAL_OBJECT VALUES(2,1,'NO_ID','"global"')
COMMIT
INSERT INTO ACTION_HISTORY VALUES('1',2,63,NULL)
COMMIT
INSERT INTO NODE_EVENTS VALUES(24,'rolesUpdated',1,NULL,NULL,'MAIN_SERVER','2019-01-15 12:25:14.545000')
COMMIT
DELETE FROM VCS_USERNAME WHERE USER_ID=1 AND VCS_NAME='anyVcs' AND PARENT_VCS_ROOT_ID=-1 AND ORDER_NUM=0
COMMIT
INSERT INTO NODE_EVENTS VALUES(25,'userModified',1,NULL,NULL,'MAIN_SERVER','2019-01-15 12:25:14.558000')
COMMIT
DELETE FROM USER_PROPERTY WHERE USER_ID=1 AND PROP_KEY='teamcity.server.buildNumber'
COMMIT
INSERT INTO NODE_EVENTS VALUES(26,'userModified',1,NULL,NULL,'MAIN_SERVER','2019-01-15 12:25:14.560000')
COMMIT
INSERT INTO USER_PROPERTY VALUES(1,'string','string')
COMMIT
INSERT INTO NODE_EVENTS VALUES(27,'userModified',1,NULL,NULL,'MAIN_SERVER','2019-01-15 12:25:14.562000')
COMMIT
DELETE FROM USERS WHERE ID=1
INSERT INTO USERS VALUES(1,'administrator','bGQE22yvWUWBCATa:25cc9e8a9dfa86fecef5ea59b9d8a111','Admin','string',1547555160105)
COMMIT
INSERT INTO NODE_EVENTS VALUES(28,'userLoggedIn',1,NULL,NULL,'MAIN_SERVER','2019-01-15 12:26:00.107000')
COMMIT
INSERT INTO REMEMBER_ME VALUES('-652229939^1',7742874182320818138)
COMMIT
INSERT INTO NODE_EVENTS VALUES(29,'rememberMeUpdated',NULL,NULL,NULL,'MAIN_SERVER','2019-01-15 12:26:00.113000')
COMMIT
INSERT INTO USER_PROPERTY VALUES(1,'was.logged.in','true')
COMMIT
INSERT INTO NODE_EVENTS VALUES(30,'userModified',1,NULL,NULL,'MAIN_SERVER','2019-01-15 12:26:00.128000')
COMMIT
DELETE FROM AGENT WHERE ID=2
INSERT INTO AGENT VALUES(2,'teamcitysetupcode_agent_1-1','172.26.0.3',9090,2,1,0,1,1547554887819,1547555206291,NULL,'69da8429b46716018af51ed5ce2e72f0',NULL,NULL)
COMMIT
INSERT INTO NODE_EVENTS VALUES(31,'agentUpdated',2,NULL,'61078:61078:61078-md5-229430a4afa3bfc99a27fac3c806c917:61078-md5-229430a4afa3bfc99a27fac3c806c917','MAIN_SERVER','2019-01-15 12:26:46.295000')
COMMIT
/*C6*/DELETE FROM AGENT WHERE ID=2
INSERT INTO AGENT VALUES(2,'teamcitysetupcode_agent_1-1','172.26.0.3',9090,2,1,0,1,1547554887819,1547555529954,NULL,'69da8429b46716018af51ed5ce2e72f0',NULL,NULL)
COMMIT
INSERT INTO NODE_EVENTS VALUES(32,'agentUpdated',2,NULL,'61078:61078:61078-md5-229430a4afa3bfc99a27fac3c806c917:61078-md5-229430a4afa3bfc99a27fac3c806c917','MAIN_SERVER','2019-01-15 12:32:09.957000')
COMMIT
